[2024-10-06T04:17:16.801+0000] {processor.py:186} INFO - Started process (PID=677) to work on /opt/airflow/dags/hello_world.py
[2024-10-06T04:17:16.801+0000] {processor.py:914} INFO - Processing file /opt/airflow/dags/hello_world.py for tasks to queue
[2024-10-06T04:17:16.803+0000] {logging_mixin.py:190} INFO - [2024-10-06T04:17:16.803+0000] {dagbag.py:588} INFO - Filling up the DagBag from /opt/airflow/dags/hello_world.py
[2024-10-06T04:17:16.810+0000] {processor.py:925} INFO - DAG(s) 'hello_world_valdo' retrieved from /opt/airflow/dags/hello_world.py
[2024-10-06T04:17:16.902+0000] {logging_mixin.py:190} INFO - [2024-10-06T04:17:16.901+0000] {override.py:1900} INFO - Created Permission View: can edit on DAG:hello_world_valdo
[2024-10-06T04:17:16.914+0000] {logging_mixin.py:190} INFO - [2024-10-06T04:17:16.913+0000] {override.py:1900} INFO - Created Permission View: can read on DAG:hello_world_valdo
[2024-10-06T04:17:16.925+0000] {logging_mixin.py:190} INFO - [2024-10-06T04:17:16.925+0000] {override.py:1900} INFO - Created Permission View: can delete on DAG:hello_world_valdo
[2024-10-06T04:17:16.941+0000] {logging_mixin.py:190} INFO - [2024-10-06T04:17:16.941+0000] {override.py:1900} INFO - Created Permission View: can read on DAG Run:hello_world_valdo
[2024-10-06T04:17:16.951+0000] {logging_mixin.py:190} INFO - [2024-10-06T04:17:16.951+0000] {override.py:1900} INFO - Created Permission View: menu access on DAG Run:hello_world_valdo
[2024-10-06T04:17:16.960+0000] {logging_mixin.py:190} INFO - [2024-10-06T04:17:16.960+0000] {override.py:1900} INFO - Created Permission View: can create on DAG Run:hello_world_valdo
[2024-10-06T04:17:16.968+0000] {logging_mixin.py:190} INFO - [2024-10-06T04:17:16.968+0000] {override.py:1900} INFO - Created Permission View: can delete on DAG Run:hello_world_valdo
[2024-10-06T04:17:16.968+0000] {logging_mixin.py:190} INFO - [2024-10-06T04:17:16.968+0000] {dag.py:3239} INFO - Sync 1 DAGs
[2024-10-06T04:17:16.978+0000] {logging_mixin.py:190} INFO - [2024-10-06T04:17:16.977+0000] {dag.py:3262} INFO - Creating ORM DAG for hello_world_valdo
[2024-10-06T04:17:16.985+0000] {logging_mixin.py:190} INFO - [2024-10-06T04:17:16.985+0000] {dag.py:4180} INFO - Setting next_dagrun for hello_world_valdo to 2024-10-06 00:00:00+00:00, run_after=2024-10-07 00:00:00+00:00
[2024-10-06T04:17:17.001+0000] {processor.py:208} INFO - Processing /opt/airflow/dags/hello_world.py took 0.204 seconds
[2024-10-06T04:17:47.934+0000] {processor.py:186} INFO - Started process (PID=740) to work on /opt/airflow/dags/hello_world.py
[2024-10-06T04:17:47.935+0000] {processor.py:914} INFO - Processing file /opt/airflow/dags/hello_world.py for tasks to queue
[2024-10-06T04:17:47.936+0000] {logging_mixin.py:190} INFO - [2024-10-06T04:17:47.936+0000] {dagbag.py:588} INFO - Filling up the DagBag from /opt/airflow/dags/hello_world.py
[2024-10-06T04:17:47.943+0000] {processor.py:925} INFO - DAG(s) 'hello_world_valdo' retrieved from /opt/airflow/dags/hello_world.py
[2024-10-06T04:17:47.956+0000] {logging_mixin.py:190} INFO - [2024-10-06T04:17:47.956+0000] {dag.py:3239} INFO - Sync 1 DAGs
[2024-10-06T04:17:47.973+0000] {logging_mixin.py:190} INFO - [2024-10-06T04:17:47.973+0000] {dag.py:4180} INFO - Setting next_dagrun for hello_world_valdo to 2024-10-06 00:00:00+00:00, run_after=2024-10-07 00:00:00+00:00
[2024-10-06T04:17:47.991+0000] {processor.py:208} INFO - Processing /opt/airflow/dags/hello_world.py took 0.061 seconds
[2024-10-06T04:18:18.158+0000] {processor.py:186} INFO - Started process (PID=803) to work on /opt/airflow/dags/hello_world.py
[2024-10-06T04:18:18.158+0000] {processor.py:914} INFO - Processing file /opt/airflow/dags/hello_world.py for tasks to queue
[2024-10-06T04:18:18.160+0000] {logging_mixin.py:190} INFO - [2024-10-06T04:18:18.160+0000] {dagbag.py:588} INFO - Filling up the DagBag from /opt/airflow/dags/hello_world.py
[2024-10-06T04:18:18.166+0000] {processor.py:925} INFO - DAG(s) 'hello_world_valdo' retrieved from /opt/airflow/dags/hello_world.py
[2024-10-06T04:18:18.179+0000] {logging_mixin.py:190} INFO - [2024-10-06T04:18:18.179+0000] {dag.py:3239} INFO - Sync 1 DAGs
[2024-10-06T04:18:18.197+0000] {logging_mixin.py:190} INFO - [2024-10-06T04:18:18.197+0000] {dag.py:4180} INFO - Setting next_dagrun for hello_world_valdo to 2024-10-06 00:00:00+00:00, run_after=2024-10-07 00:00:00+00:00
[2024-10-06T04:18:18.215+0000] {processor.py:208} INFO - Processing /opt/airflow/dags/hello_world.py took 0.061 seconds
[2024-10-06T04:18:48.237+0000] {processor.py:186} INFO - Started process (PID=867) to work on /opt/airflow/dags/hello_world.py
[2024-10-06T04:18:48.238+0000] {processor.py:914} INFO - Processing file /opt/airflow/dags/hello_world.py for tasks to queue
[2024-10-06T04:18:48.239+0000] {logging_mixin.py:190} INFO - [2024-10-06T04:18:48.239+0000] {dagbag.py:588} INFO - Filling up the DagBag from /opt/airflow/dags/hello_world.py
[2024-10-06T04:18:48.246+0000] {processor.py:925} INFO - DAG(s) 'hello_world_valdo' retrieved from /opt/airflow/dags/hello_world.py
[2024-10-06T04:18:48.259+0000] {logging_mixin.py:190} INFO - [2024-10-06T04:18:48.258+0000] {dag.py:3239} INFO - Sync 1 DAGs
[2024-10-06T04:18:48.276+0000] {logging_mixin.py:190} INFO - [2024-10-06T04:18:48.276+0000] {dag.py:4180} INFO - Setting next_dagrun for hello_world_valdo to 2024-10-06 00:00:00+00:00, run_after=2024-10-07 00:00:00+00:00
[2024-10-06T04:18:48.293+0000] {processor.py:208} INFO - Processing /opt/airflow/dags/hello_world.py took 0.060 seconds
[2024-10-06T04:19:18.697+0000] {processor.py:186} INFO - Started process (PID=930) to work on /opt/airflow/dags/hello_world.py
[2024-10-06T04:19:18.698+0000] {processor.py:914} INFO - Processing file /opt/airflow/dags/hello_world.py for tasks to queue
[2024-10-06T04:19:18.700+0000] {logging_mixin.py:190} INFO - [2024-10-06T04:19:18.699+0000] {dagbag.py:588} INFO - Filling up the DagBag from /opt/airflow/dags/hello_world.py
[2024-10-06T04:19:18.708+0000] {processor.py:925} INFO - DAG(s) 'hello_world_valdo' retrieved from /opt/airflow/dags/hello_world.py
[2024-10-06T04:19:18.727+0000] {logging_mixin.py:190} INFO - [2024-10-06T04:19:18.727+0000] {dag.py:3239} INFO - Sync 1 DAGs
[2024-10-06T04:19:18.753+0000] {logging_mixin.py:190} INFO - [2024-10-06T04:19:18.753+0000] {dag.py:4180} INFO - Setting next_dagrun for hello_world_valdo to 2024-10-06 00:00:00+00:00, run_after=2024-10-07 00:00:00+00:00
[2024-10-06T04:19:18.774+0000] {processor.py:208} INFO - Processing /opt/airflow/dags/hello_world.py took 0.082 seconds
[2024-10-06T04:19:48.876+0000] {processor.py:186} INFO - Started process (PID=993) to work on /opt/airflow/dags/hello_world.py
[2024-10-06T04:19:48.877+0000] {processor.py:914} INFO - Processing file /opt/airflow/dags/hello_world.py for tasks to queue
[2024-10-06T04:19:48.878+0000] {logging_mixin.py:190} INFO - [2024-10-06T04:19:48.878+0000] {dagbag.py:588} INFO - Filling up the DagBag from /opt/airflow/dags/hello_world.py
[2024-10-06T04:19:48.884+0000] {processor.py:925} INFO - DAG(s) 'hello_world_valdo' retrieved from /opt/airflow/dags/hello_world.py
[2024-10-06T04:19:48.897+0000] {logging_mixin.py:190} INFO - [2024-10-06T04:19:48.897+0000] {dag.py:3239} INFO - Sync 1 DAGs
[2024-10-06T04:19:48.915+0000] {logging_mixin.py:190} INFO - [2024-10-06T04:19:48.915+0000] {dag.py:4180} INFO - Setting next_dagrun for hello_world_valdo to 2024-10-06 00:00:00+00:00, run_after=2024-10-07 00:00:00+00:00
[2024-10-06T04:19:48.934+0000] {processor.py:208} INFO - Processing /opt/airflow/dags/hello_world.py took 0.062 seconds
[2024-10-06T04:20:19.774+0000] {processor.py:186} INFO - Started process (PID=1063) to work on /opt/airflow/dags/hello_world.py
[2024-10-06T04:20:19.775+0000] {processor.py:914} INFO - Processing file /opt/airflow/dags/hello_world.py for tasks to queue
[2024-10-06T04:20:19.777+0000] {logging_mixin.py:190} INFO - [2024-10-06T04:20:19.777+0000] {dagbag.py:588} INFO - Filling up the DagBag from /opt/airflow/dags/hello_world.py
[2024-10-06T04:20:19.786+0000] {processor.py:925} INFO - DAG(s) 'hello_world_valdo' retrieved from /opt/airflow/dags/hello_world.py
[2024-10-06T04:20:19.803+0000] {logging_mixin.py:190} INFO - [2024-10-06T04:20:19.803+0000] {dag.py:3239} INFO - Sync 1 DAGs
[2024-10-06T04:20:19.829+0000] {logging_mixin.py:190} INFO - [2024-10-06T04:20:19.829+0000] {dag.py:4180} INFO - Setting next_dagrun for hello_world_valdo to 2024-10-06 00:00:00+00:00, run_after=2024-10-07 00:00:00+00:00
[2024-10-06T04:20:20.624+0000] {processor.py:208} INFO - Processing /opt/airflow/dags/hello_world.py took 0.856 seconds
[2024-10-06T04:20:50.717+0000] {processor.py:186} INFO - Started process (PID=1127) to work on /opt/airflow/dags/hello_world.py
[2024-10-06T04:20:50.718+0000] {processor.py:914} INFO - Processing file /opt/airflow/dags/hello_world.py for tasks to queue
[2024-10-06T04:20:50.719+0000] {logging_mixin.py:190} INFO - [2024-10-06T04:20:50.719+0000] {dagbag.py:588} INFO - Filling up the DagBag from /opt/airflow/dags/hello_world.py
[2024-10-06T04:20:50.726+0000] {processor.py:925} INFO - DAG(s) 'hello_world_valdo' retrieved from /opt/airflow/dags/hello_world.py
[2024-10-06T04:20:50.742+0000] {logging_mixin.py:190} INFO - [2024-10-06T04:20:50.742+0000] {dag.py:3239} INFO - Sync 1 DAGs
[2024-10-06T04:20:50.767+0000] {logging_mixin.py:190} INFO - [2024-10-06T04:20:50.767+0000] {dag.py:4180} INFO - Setting next_dagrun for hello_world_valdo to 2024-10-06 00:00:00+00:00, run_after=2024-10-07 00:00:00+00:00
[2024-10-06T04:20:50.787+0000] {processor.py:208} INFO - Processing /opt/airflow/dags/hello_world.py took 0.075 seconds
[2024-10-06T04:21:20.922+0000] {processor.py:186} INFO - Started process (PID=1190) to work on /opt/airflow/dags/hello_world.py
[2024-10-06T04:21:20.922+0000] {processor.py:914} INFO - Processing file /opt/airflow/dags/hello_world.py for tasks to queue
[2024-10-06T04:21:20.924+0000] {logging_mixin.py:190} INFO - [2024-10-06T04:21:20.923+0000] {dagbag.py:588} INFO - Filling up the DagBag from /opt/airflow/dags/hello_world.py
[2024-10-06T04:21:20.930+0000] {processor.py:925} INFO - DAG(s) 'hello_world_valdo' retrieved from /opt/airflow/dags/hello_world.py
[2024-10-06T04:21:20.943+0000] {logging_mixin.py:190} INFO - [2024-10-06T04:21:20.943+0000] {dag.py:3239} INFO - Sync 1 DAGs
[2024-10-06T04:21:20.961+0000] {logging_mixin.py:190} INFO - [2024-10-06T04:21:20.961+0000] {dag.py:4180} INFO - Setting next_dagrun for hello_world_valdo to 2024-10-06 00:00:00+00:00, run_after=2024-10-07 00:00:00+00:00
[2024-10-06T04:21:20.988+0000] {processor.py:208} INFO - Processing /opt/airflow/dags/hello_world.py took 0.072 seconds
[2024-10-06T04:21:51.151+0000] {processor.py:186} INFO - Started process (PID=1253) to work on /opt/airflow/dags/hello_world.py
[2024-10-06T04:21:51.152+0000] {processor.py:914} INFO - Processing file /opt/airflow/dags/hello_world.py for tasks to queue
[2024-10-06T04:21:51.153+0000] {logging_mixin.py:190} INFO - [2024-10-06T04:21:51.153+0000] {dagbag.py:588} INFO - Filling up the DagBag from /opt/airflow/dags/hello_world.py
[2024-10-06T04:21:51.160+0000] {processor.py:925} INFO - DAG(s) 'hello_world_valdo' retrieved from /opt/airflow/dags/hello_world.py
[2024-10-06T04:21:51.172+0000] {logging_mixin.py:190} INFO - [2024-10-06T04:21:51.172+0000] {dag.py:3239} INFO - Sync 1 DAGs
[2024-10-06T04:21:51.190+0000] {logging_mixin.py:190} INFO - [2024-10-06T04:21:51.190+0000] {dag.py:4180} INFO - Setting next_dagrun for hello_world_valdo to 2024-10-06 00:00:00+00:00, run_after=2024-10-07 00:00:00+00:00
[2024-10-06T04:21:51.207+0000] {processor.py:208} INFO - Processing /opt/airflow/dags/hello_world.py took 0.060 seconds
[2024-10-06T04:22:21.572+0000] {processor.py:186} INFO - Started process (PID=1316) to work on /opt/airflow/dags/hello_world.py
[2024-10-06T04:22:21.572+0000] {processor.py:914} INFO - Processing file /opt/airflow/dags/hello_world.py for tasks to queue
[2024-10-06T04:22:21.574+0000] {logging_mixin.py:190} INFO - [2024-10-06T04:22:21.573+0000] {dagbag.py:588} INFO - Filling up the DagBag from /opt/airflow/dags/hello_world.py
[2024-10-06T04:22:21.580+0000] {processor.py:925} INFO - DAG(s) 'hello_world_valdo' retrieved from /opt/airflow/dags/hello_world.py
[2024-10-06T04:22:21.593+0000] {logging_mixin.py:190} INFO - [2024-10-06T04:22:21.592+0000] {dag.py:3239} INFO - Sync 1 DAGs
[2024-10-06T04:22:21.610+0000] {logging_mixin.py:190} INFO - [2024-10-06T04:22:21.610+0000] {dag.py:4180} INFO - Setting next_dagrun for hello_world_valdo to 2024-10-06 00:00:00+00:00, run_after=2024-10-07 00:00:00+00:00
[2024-10-06T04:22:21.627+0000] {processor.py:208} INFO - Processing /opt/airflow/dags/hello_world.py took 0.059 seconds
[2024-10-06T04:22:51.857+0000] {processor.py:186} INFO - Started process (PID=1380) to work on /opt/airflow/dags/hello_world.py
[2024-10-06T04:22:51.857+0000] {processor.py:914} INFO - Processing file /opt/airflow/dags/hello_world.py for tasks to queue
[2024-10-06T04:22:51.859+0000] {logging_mixin.py:190} INFO - [2024-10-06T04:22:51.858+0000] {dagbag.py:588} INFO - Filling up the DagBag from /opt/airflow/dags/hello_world.py
[2024-10-06T04:22:51.865+0000] {processor.py:925} INFO - DAG(s) 'hello_world_valdo' retrieved from /opt/airflow/dags/hello_world.py
[2024-10-06T04:22:51.878+0000] {logging_mixin.py:190} INFO - [2024-10-06T04:22:51.878+0000] {dag.py:3239} INFO - Sync 1 DAGs
[2024-10-06T04:22:51.896+0000] {logging_mixin.py:190} INFO - [2024-10-06T04:22:51.896+0000] {dag.py:4180} INFO - Setting next_dagrun for hello_world_valdo to 2024-10-06 00:00:00+00:00, run_after=2024-10-07 00:00:00+00:00
[2024-10-06T04:22:51.916+0000] {processor.py:208} INFO - Processing /opt/airflow/dags/hello_world.py took 0.064 seconds
[2024-10-06T04:23:22.427+0000] {processor.py:186} INFO - Started process (PID=1443) to work on /opt/airflow/dags/hello_world.py
[2024-10-06T04:23:22.427+0000] {processor.py:914} INFO - Processing file /opt/airflow/dags/hello_world.py for tasks to queue
[2024-10-06T04:23:22.429+0000] {logging_mixin.py:190} INFO - [2024-10-06T04:23:22.429+0000] {dagbag.py:588} INFO - Filling up the DagBag from /opt/airflow/dags/hello_world.py
[2024-10-06T04:23:22.435+0000] {processor.py:925} INFO - DAG(s) 'hello_world_valdo' retrieved from /opt/airflow/dags/hello_world.py
[2024-10-06T04:23:22.448+0000] {logging_mixin.py:190} INFO - [2024-10-06T04:23:22.448+0000] {dag.py:3239} INFO - Sync 1 DAGs
[2024-10-06T04:23:22.466+0000] {logging_mixin.py:190} INFO - [2024-10-06T04:23:22.466+0000] {dag.py:4180} INFO - Setting next_dagrun for hello_world_valdo to 2024-10-06 00:00:00+00:00, run_after=2024-10-07 00:00:00+00:00
[2024-10-06T04:23:22.483+0000] {processor.py:208} INFO - Processing /opt/airflow/dags/hello_world.py took 0.060 seconds
[2024-10-06T04:23:52.690+0000] {processor.py:186} INFO - Started process (PID=1506) to work on /opt/airflow/dags/hello_world.py
[2024-10-06T04:23:52.691+0000] {processor.py:914} INFO - Processing file /opt/airflow/dags/hello_world.py for tasks to queue
[2024-10-06T04:23:52.692+0000] {logging_mixin.py:190} INFO - [2024-10-06T04:23:52.692+0000] {dagbag.py:588} INFO - Filling up the DagBag from /opt/airflow/dags/hello_world.py
[2024-10-06T04:23:52.698+0000] {processor.py:925} INFO - DAG(s) 'hello_world_valdo' retrieved from /opt/airflow/dags/hello_world.py
[2024-10-06T04:23:52.711+0000] {logging_mixin.py:190} INFO - [2024-10-06T04:23:52.711+0000] {dag.py:3239} INFO - Sync 1 DAGs
[2024-10-06T04:23:52.729+0000] {logging_mixin.py:190} INFO - [2024-10-06T04:23:52.729+0000] {dag.py:4180} INFO - Setting next_dagrun for hello_world_valdo to 2024-10-06 00:00:00+00:00, run_after=2024-10-07 00:00:00+00:00
[2024-10-06T04:23:52.745+0000] {processor.py:208} INFO - Processing /opt/airflow/dags/hello_world.py took 0.059 seconds
[2024-10-06T04:24:23.138+0000] {processor.py:186} INFO - Started process (PID=1570) to work on /opt/airflow/dags/hello_world.py
[2024-10-06T04:24:23.138+0000] {processor.py:914} INFO - Processing file /opt/airflow/dags/hello_world.py for tasks to queue
[2024-10-06T04:24:23.140+0000] {logging_mixin.py:190} INFO - [2024-10-06T04:24:23.139+0000] {dagbag.py:588} INFO - Filling up the DagBag from /opt/airflow/dags/hello_world.py
[2024-10-06T04:24:23.146+0000] {processor.py:925} INFO - DAG(s) 'hello_world_valdo' retrieved from /opt/airflow/dags/hello_world.py
[2024-10-06T04:24:23.159+0000] {logging_mixin.py:190} INFO - [2024-10-06T04:24:23.158+0000] {dag.py:3239} INFO - Sync 1 DAGs
[2024-10-06T04:24:23.176+0000] {logging_mixin.py:190} INFO - [2024-10-06T04:24:23.176+0000] {dag.py:4180} INFO - Setting next_dagrun for hello_world_valdo to 2024-10-06 00:00:00+00:00, run_after=2024-10-07 00:00:00+00:00
[2024-10-06T04:24:23.194+0000] {processor.py:208} INFO - Processing /opt/airflow/dags/hello_world.py took 0.060 seconds
[2024-10-06T04:24:53.351+0000] {processor.py:186} INFO - Started process (PID=1633) to work on /opt/airflow/dags/hello_world.py
[2024-10-06T04:24:53.351+0000] {processor.py:914} INFO - Processing file /opt/airflow/dags/hello_world.py for tasks to queue
[2024-10-06T04:24:53.353+0000] {logging_mixin.py:190} INFO - [2024-10-06T04:24:53.353+0000] {dagbag.py:588} INFO - Filling up the DagBag from /opt/airflow/dags/hello_world.py
[2024-10-06T04:24:53.359+0000] {processor.py:925} INFO - DAG(s) 'hello_world_valdo' retrieved from /opt/airflow/dags/hello_world.py
[2024-10-06T04:24:53.372+0000] {logging_mixin.py:190} INFO - [2024-10-06T04:24:53.372+0000] {dag.py:3239} INFO - Sync 1 DAGs
[2024-10-06T04:24:53.389+0000] {logging_mixin.py:190} INFO - [2024-10-06T04:24:53.389+0000] {dag.py:4180} INFO - Setting next_dagrun for hello_world_valdo to 2024-10-06 00:00:00+00:00, run_after=2024-10-07 00:00:00+00:00
[2024-10-06T04:24:53.408+0000] {processor.py:208} INFO - Processing /opt/airflow/dags/hello_world.py took 0.061 seconds
[2024-10-06T04:25:23.752+0000] {processor.py:186} INFO - Started process (PID=1696) to work on /opt/airflow/dags/hello_world.py
[2024-10-06T04:25:23.753+0000] {processor.py:914} INFO - Processing file /opt/airflow/dags/hello_world.py for tasks to queue
[2024-10-06T04:25:23.754+0000] {logging_mixin.py:190} INFO - [2024-10-06T04:25:23.754+0000] {dagbag.py:588} INFO - Filling up the DagBag from /opt/airflow/dags/hello_world.py
[2024-10-06T04:25:23.761+0000] {processor.py:925} INFO - DAG(s) 'hello_world_valdo' retrieved from /opt/airflow/dags/hello_world.py
[2024-10-06T04:25:23.774+0000] {logging_mixin.py:190} INFO - [2024-10-06T04:25:23.773+0000] {dag.py:3239} INFO - Sync 1 DAGs
[2024-10-06T04:25:23.791+0000] {logging_mixin.py:190} INFO - [2024-10-06T04:25:23.791+0000] {dag.py:4180} INFO - Setting next_dagrun for hello_world_valdo to 2024-10-06 00:00:00+00:00, run_after=2024-10-07 00:00:00+00:00
[2024-10-06T04:25:23.813+0000] {processor.py:208} INFO - Processing /opt/airflow/dags/hello_world.py took 0.065 seconds
[2024-10-06T04:25:53.974+0000] {processor.py:186} INFO - Started process (PID=1759) to work on /opt/airflow/dags/hello_world.py
[2024-10-06T04:25:53.974+0000] {processor.py:914} INFO - Processing file /opt/airflow/dags/hello_world.py for tasks to queue
[2024-10-06T04:25:53.976+0000] {logging_mixin.py:190} INFO - [2024-10-06T04:25:53.975+0000] {dagbag.py:588} INFO - Filling up the DagBag from /opt/airflow/dags/hello_world.py
[2024-10-06T04:25:53.982+0000] {processor.py:925} INFO - DAG(s) 'hello_world_valdo' retrieved from /opt/airflow/dags/hello_world.py
[2024-10-06T04:25:53.995+0000] {logging_mixin.py:190} INFO - [2024-10-06T04:25:53.995+0000] {dag.py:3239} INFO - Sync 1 DAGs
[2024-10-06T04:25:54.014+0000] {logging_mixin.py:190} INFO - [2024-10-06T04:25:54.013+0000] {dag.py:4180} INFO - Setting next_dagrun for hello_world_valdo to 2024-10-06 00:00:00+00:00, run_after=2024-10-07 00:00:00+00:00
[2024-10-06T04:25:54.032+0000] {processor.py:208} INFO - Processing /opt/airflow/dags/hello_world.py took 0.062 seconds
[2024-10-06T04:26:24.548+0000] {processor.py:186} INFO - Started process (PID=1822) to work on /opt/airflow/dags/hello_world.py
[2024-10-06T04:26:24.549+0000] {processor.py:914} INFO - Processing file /opt/airflow/dags/hello_world.py for tasks to queue
[2024-10-06T04:26:24.550+0000] {logging_mixin.py:190} INFO - [2024-10-06T04:26:24.550+0000] {dagbag.py:588} INFO - Filling up the DagBag from /opt/airflow/dags/hello_world.py
[2024-10-06T04:26:24.557+0000] {processor.py:925} INFO - DAG(s) 'hello_world_valdo' retrieved from /opt/airflow/dags/hello_world.py
[2024-10-06T04:26:24.570+0000] {logging_mixin.py:190} INFO - [2024-10-06T04:26:24.570+0000] {dag.py:3239} INFO - Sync 1 DAGs
[2024-10-06T04:26:24.588+0000] {logging_mixin.py:190} INFO - [2024-10-06T04:26:24.588+0000] {dag.py:4180} INFO - Setting next_dagrun for hello_world_valdo to 2024-10-06 00:00:00+00:00, run_after=2024-10-07 00:00:00+00:00
[2024-10-06T04:26:24.605+0000] {processor.py:208} INFO - Processing /opt/airflow/dags/hello_world.py took 0.061 seconds
[2024-10-06T04:26:55.121+0000] {processor.py:186} INFO - Started process (PID=1886) to work on /opt/airflow/dags/hello_world.py
[2024-10-06T04:26:55.122+0000] {processor.py:914} INFO - Processing file /opt/airflow/dags/hello_world.py for tasks to queue
[2024-10-06T04:26:55.123+0000] {logging_mixin.py:190} INFO - [2024-10-06T04:26:55.123+0000] {dagbag.py:588} INFO - Filling up the DagBag from /opt/airflow/dags/hello_world.py
[2024-10-06T04:26:55.130+0000] {processor.py:925} INFO - DAG(s) 'hello_world_valdo' retrieved from /opt/airflow/dags/hello_world.py
[2024-10-06T04:26:55.143+0000] {logging_mixin.py:190} INFO - [2024-10-06T04:26:55.143+0000] {dag.py:3239} INFO - Sync 1 DAGs
[2024-10-06T04:26:55.161+0000] {logging_mixin.py:190} INFO - [2024-10-06T04:26:55.161+0000] {dag.py:4180} INFO - Setting next_dagrun for hello_world_valdo to 2024-10-06 00:00:00+00:00, run_after=2024-10-07 00:00:00+00:00
[2024-10-06T04:26:55.179+0000] {processor.py:208} INFO - Processing /opt/airflow/dags/hello_world.py took 0.062 seconds
[2024-10-06T04:27:25.457+0000] {processor.py:186} INFO - Started process (PID=1948) to work on /opt/airflow/dags/hello_world.py
[2024-10-06T04:27:25.457+0000] {processor.py:914} INFO - Processing file /opt/airflow/dags/hello_world.py for tasks to queue
[2024-10-06T04:27:25.459+0000] {logging_mixin.py:190} INFO - [2024-10-06T04:27:25.459+0000] {dagbag.py:588} INFO - Filling up the DagBag from /opt/airflow/dags/hello_world.py
[2024-10-06T04:27:25.465+0000] {processor.py:925} INFO - DAG(s) 'hello_world_valdo' retrieved from /opt/airflow/dags/hello_world.py
[2024-10-06T04:27:25.478+0000] {logging_mixin.py:190} INFO - [2024-10-06T04:27:25.478+0000] {dag.py:3239} INFO - Sync 1 DAGs
[2024-10-06T04:27:25.496+0000] {logging_mixin.py:190} INFO - [2024-10-06T04:27:25.496+0000] {dag.py:4180} INFO - Setting next_dagrun for hello_world_valdo to 2024-10-06 00:00:00+00:00, run_after=2024-10-07 00:00:00+00:00
[2024-10-06T04:27:25.514+0000] {processor.py:208} INFO - Processing /opt/airflow/dags/hello_world.py took 0.062 seconds
[2024-10-06T04:27:55.706+0000] {processor.py:186} INFO - Started process (PID=2011) to work on /opt/airflow/dags/hello_world.py
[2024-10-06T04:27:55.707+0000] {processor.py:914} INFO - Processing file /opt/airflow/dags/hello_world.py for tasks to queue
[2024-10-06T04:27:55.708+0000] {logging_mixin.py:190} INFO - [2024-10-06T04:27:55.708+0000] {dagbag.py:588} INFO - Filling up the DagBag from /opt/airflow/dags/hello_world.py
[2024-10-06T04:27:55.715+0000] {processor.py:925} INFO - DAG(s) 'hello_world_valdo' retrieved from /opt/airflow/dags/hello_world.py
[2024-10-06T04:27:55.733+0000] {logging_mixin.py:190} INFO - [2024-10-06T04:27:55.732+0000] {dag.py:3239} INFO - Sync 1 DAGs
[2024-10-06T04:27:55.754+0000] {logging_mixin.py:190} INFO - [2024-10-06T04:27:55.754+0000] {dag.py:4180} INFO - Setting next_dagrun for hello_world_valdo to 2024-10-06 00:00:00+00:00, run_after=2024-10-07 00:00:00+00:00
[2024-10-06T04:27:55.778+0000] {processor.py:208} INFO - Processing /opt/airflow/dags/hello_world.py took 0.077 seconds
[2024-10-06T04:28:26.064+0000] {processor.py:186} INFO - Started process (PID=2074) to work on /opt/airflow/dags/hello_world.py
[2024-10-06T04:28:26.064+0000] {processor.py:914} INFO - Processing file /opt/airflow/dags/hello_world.py for tasks to queue
[2024-10-06T04:28:26.066+0000] {logging_mixin.py:190} INFO - [2024-10-06T04:28:26.066+0000] {dagbag.py:588} INFO - Filling up the DagBag from /opt/airflow/dags/hello_world.py
[2024-10-06T04:28:26.075+0000] {processor.py:925} INFO - DAG(s) 'hello_world_valdo' retrieved from /opt/airflow/dags/hello_world.py
[2024-10-06T04:28:26.090+0000] {logging_mixin.py:190} INFO - [2024-10-06T04:28:26.090+0000] {dag.py:3239} INFO - Sync 1 DAGs
[2024-10-06T04:28:26.108+0000] {logging_mixin.py:190} INFO - [2024-10-06T04:28:26.108+0000] {dag.py:4180} INFO - Setting next_dagrun for hello_world_valdo to 2024-10-06 00:00:00+00:00, run_after=2024-10-07 00:00:00+00:00
[2024-10-06T04:28:26.125+0000] {processor.py:208} INFO - Processing /opt/airflow/dags/hello_world.py took 0.067 seconds
[2024-10-06T04:28:56.256+0000] {processor.py:186} INFO - Started process (PID=2137) to work on /opt/airflow/dags/hello_world.py
[2024-10-06T04:28:56.257+0000] {processor.py:914} INFO - Processing file /opt/airflow/dags/hello_world.py for tasks to queue
[2024-10-06T04:28:56.259+0000] {logging_mixin.py:190} INFO - [2024-10-06T04:28:56.258+0000] {dagbag.py:588} INFO - Filling up the DagBag from /opt/airflow/dags/hello_world.py
[2024-10-06T04:28:56.267+0000] {processor.py:925} INFO - DAG(s) 'hello_world_valdo' retrieved from /opt/airflow/dags/hello_world.py
[2024-10-06T04:28:56.281+0000] {logging_mixin.py:190} INFO - [2024-10-06T04:28:56.281+0000] {dag.py:3239} INFO - Sync 1 DAGs
[2024-10-06T04:28:56.300+0000] {logging_mixin.py:190} INFO - [2024-10-06T04:28:56.299+0000] {dag.py:4180} INFO - Setting next_dagrun for hello_world_valdo to 2024-10-06 00:00:00+00:00, run_after=2024-10-07 00:00:00+00:00
[2024-10-06T04:28:56.318+0000] {processor.py:208} INFO - Processing /opt/airflow/dags/hello_world.py took 0.068 seconds
[2024-10-06T04:29:26.755+0000] {processor.py:186} INFO - Started process (PID=2200) to work on /opt/airflow/dags/hello_world.py
[2024-10-06T04:29:26.756+0000] {processor.py:914} INFO - Processing file /opt/airflow/dags/hello_world.py for tasks to queue
[2024-10-06T04:29:26.757+0000] {logging_mixin.py:190} INFO - [2024-10-06T04:29:26.757+0000] {dagbag.py:588} INFO - Filling up the DagBag from /opt/airflow/dags/hello_world.py
[2024-10-06T04:29:26.763+0000] {processor.py:925} INFO - DAG(s) 'hello_world_valdo' retrieved from /opt/airflow/dags/hello_world.py
[2024-10-06T04:29:26.776+0000] {logging_mixin.py:190} INFO - [2024-10-06T04:29:26.776+0000] {dag.py:3239} INFO - Sync 1 DAGs
[2024-10-06T04:29:26.794+0000] {logging_mixin.py:190} INFO - [2024-10-06T04:29:26.794+0000] {dag.py:4180} INFO - Setting next_dagrun for hello_world_valdo to 2024-10-06 00:00:00+00:00, run_after=2024-10-07 00:00:00+00:00
[2024-10-06T04:29:26.811+0000] {processor.py:208} INFO - Processing /opt/airflow/dags/hello_world.py took 0.060 seconds
[2024-10-06T04:29:57.442+0000] {processor.py:186} INFO - Started process (PID=2262) to work on /opt/airflow/dags/hello_world.py
[2024-10-06T04:29:57.442+0000] {processor.py:914} INFO - Processing file /opt/airflow/dags/hello_world.py for tasks to queue
[2024-10-06T04:29:57.444+0000] {logging_mixin.py:190} INFO - [2024-10-06T04:29:57.443+0000] {dagbag.py:588} INFO - Filling up the DagBag from /opt/airflow/dags/hello_world.py
[2024-10-06T04:29:57.450+0000] {processor.py:925} INFO - DAG(s) 'hello_world_valdo' retrieved from /opt/airflow/dags/hello_world.py
[2024-10-06T04:29:57.465+0000] {logging_mixin.py:190} INFO - [2024-10-06T04:29:57.465+0000] {dag.py:3239} INFO - Sync 1 DAGs
[2024-10-06T04:29:57.486+0000] {logging_mixin.py:190} INFO - [2024-10-06T04:29:57.485+0000] {dag.py:4180} INFO - Setting next_dagrun for hello_world_valdo to 2024-10-06 00:00:00+00:00, run_after=2024-10-07 00:00:00+00:00
[2024-10-06T04:29:57.503+0000] {processor.py:208} INFO - Processing /opt/airflow/dags/hello_world.py took 0.066 seconds
[2024-10-06T04:30:28.049+0000] {processor.py:186} INFO - Started process (PID=2325) to work on /opt/airflow/dags/hello_world.py
[2024-10-06T04:30:28.049+0000] {processor.py:914} INFO - Processing file /opt/airflow/dags/hello_world.py for tasks to queue
[2024-10-06T04:30:28.051+0000] {logging_mixin.py:190} INFO - [2024-10-06T04:30:28.051+0000] {dagbag.py:588} INFO - Filling up the DagBag from /opt/airflow/dags/hello_world.py
[2024-10-06T04:30:28.057+0000] {processor.py:925} INFO - DAG(s) 'hello_world_valdo' retrieved from /opt/airflow/dags/hello_world.py
[2024-10-06T04:30:28.071+0000] {logging_mixin.py:190} INFO - [2024-10-06T04:30:28.070+0000] {dag.py:3239} INFO - Sync 1 DAGs
[2024-10-06T04:30:28.089+0000] {logging_mixin.py:190} INFO - [2024-10-06T04:30:28.089+0000] {dag.py:4180} INFO - Setting next_dagrun for hello_world_valdo to 2024-10-06 00:00:00+00:00, run_after=2024-10-07 00:00:00+00:00
[2024-10-06T04:30:28.108+0000] {processor.py:208} INFO - Processing /opt/airflow/dags/hello_world.py took 0.063 seconds
[2024-10-06T04:30:58.649+0000] {processor.py:186} INFO - Started process (PID=2388) to work on /opt/airflow/dags/hello_world.py
[2024-10-06T04:30:58.649+0000] {processor.py:914} INFO - Processing file /opt/airflow/dags/hello_world.py for tasks to queue
[2024-10-06T04:30:58.651+0000] {logging_mixin.py:190} INFO - [2024-10-06T04:30:58.651+0000] {dagbag.py:588} INFO - Filling up the DagBag from /opt/airflow/dags/hello_world.py
[2024-10-06T04:30:58.657+0000] {processor.py:925} INFO - DAG(s) 'hello_world_valdo' retrieved from /opt/airflow/dags/hello_world.py
[2024-10-06T04:30:58.670+0000] {logging_mixin.py:190} INFO - [2024-10-06T04:30:58.670+0000] {dag.py:3239} INFO - Sync 1 DAGs
[2024-10-06T04:30:58.688+0000] {logging_mixin.py:190} INFO - [2024-10-06T04:30:58.688+0000] {dag.py:4180} INFO - Setting next_dagrun for hello_world_valdo to 2024-10-06 00:00:00+00:00, run_after=2024-10-07 00:00:00+00:00
[2024-10-06T04:30:58.708+0000] {processor.py:208} INFO - Processing /opt/airflow/dags/hello_world.py took 0.064 seconds
[2024-10-06T04:31:29.413+0000] {processor.py:186} INFO - Started process (PID=2452) to work on /opt/airflow/dags/hello_world.py
[2024-10-06T04:31:29.413+0000] {processor.py:914} INFO - Processing file /opt/airflow/dags/hello_world.py for tasks to queue
[2024-10-06T04:31:29.415+0000] {logging_mixin.py:190} INFO - [2024-10-06T04:31:29.415+0000] {dagbag.py:588} INFO - Filling up the DagBag from /opt/airflow/dags/hello_world.py
[2024-10-06T04:31:29.422+0000] {processor.py:925} INFO - DAG(s) 'hello_world_valdo' retrieved from /opt/airflow/dags/hello_world.py
[2024-10-06T04:31:29.435+0000] {logging_mixin.py:190} INFO - [2024-10-06T04:31:29.435+0000] {dag.py:3239} INFO - Sync 1 DAGs
[2024-10-06T04:31:29.453+0000] {logging_mixin.py:190} INFO - [2024-10-06T04:31:29.453+0000] {dag.py:4180} INFO - Setting next_dagrun for hello_world_valdo to 2024-10-06 00:00:00+00:00, run_after=2024-10-07 00:00:00+00:00
[2024-10-06T04:31:29.471+0000] {processor.py:208} INFO - Processing /opt/airflow/dags/hello_world.py took 0.062 seconds
[2024-10-06T04:32:00.301+0000] {processor.py:186} INFO - Started process (PID=2515) to work on /opt/airflow/dags/hello_world.py
[2024-10-06T04:32:00.301+0000] {processor.py:914} INFO - Processing file /opt/airflow/dags/hello_world.py for tasks to queue
[2024-10-06T04:32:00.303+0000] {logging_mixin.py:190} INFO - [2024-10-06T04:32:00.302+0000] {dagbag.py:588} INFO - Filling up the DagBag from /opt/airflow/dags/hello_world.py
[2024-10-06T04:32:00.309+0000] {processor.py:925} INFO - DAG(s) 'hello_world_valdo' retrieved from /opt/airflow/dags/hello_world.py
[2024-10-06T04:32:00.322+0000] {logging_mixin.py:190} INFO - [2024-10-06T04:32:00.322+0000] {dag.py:3239} INFO - Sync 1 DAGs
[2024-10-06T04:32:00.340+0000] {logging_mixin.py:190} INFO - [2024-10-06T04:32:00.340+0000] {dag.py:4180} INFO - Setting next_dagrun for hello_world_valdo to 2024-10-06 00:00:00+00:00, run_after=2024-10-07 00:00:00+00:00
[2024-10-06T04:32:00.357+0000] {processor.py:208} INFO - Processing /opt/airflow/dags/hello_world.py took 0.061 seconds
[2024-10-06T04:32:30.994+0000] {processor.py:186} INFO - Started process (PID=2578) to work on /opt/airflow/dags/hello_world.py
[2024-10-06T04:32:30.995+0000] {processor.py:914} INFO - Processing file /opt/airflow/dags/hello_world.py for tasks to queue
[2024-10-06T04:32:30.997+0000] {logging_mixin.py:190} INFO - [2024-10-06T04:32:30.996+0000] {dagbag.py:588} INFO - Filling up the DagBag from /opt/airflow/dags/hello_world.py
[2024-10-06T04:32:31.003+0000] {processor.py:925} INFO - DAG(s) 'hello_world_valdo' retrieved from /opt/airflow/dags/hello_world.py
[2024-10-06T04:32:31.016+0000] {logging_mixin.py:190} INFO - [2024-10-06T04:32:31.016+0000] {dag.py:3239} INFO - Sync 1 DAGs
[2024-10-06T04:32:31.034+0000] {logging_mixin.py:190} INFO - [2024-10-06T04:32:31.034+0000] {dag.py:4180} INFO - Setting next_dagrun for hello_world_valdo to 2024-10-06 00:00:00+00:00, run_after=2024-10-07 00:00:00+00:00
[2024-10-06T04:32:31.052+0000] {processor.py:208} INFO - Processing /opt/airflow/dags/hello_world.py took 0.062 seconds
[2024-10-06T04:33:01.491+0000] {processor.py:186} INFO - Started process (PID=2641) to work on /opt/airflow/dags/hello_world.py
[2024-10-06T04:33:01.492+0000] {processor.py:914} INFO - Processing file /opt/airflow/dags/hello_world.py for tasks to queue
[2024-10-06T04:33:01.493+0000] {logging_mixin.py:190} INFO - [2024-10-06T04:33:01.493+0000] {dagbag.py:588} INFO - Filling up the DagBag from /opt/airflow/dags/hello_world.py
[2024-10-06T04:33:01.500+0000] {processor.py:925} INFO - DAG(s) 'hello_world_valdo' retrieved from /opt/airflow/dags/hello_world.py
[2024-10-06T04:33:01.512+0000] {logging_mixin.py:190} INFO - [2024-10-06T04:33:01.512+0000] {dag.py:3239} INFO - Sync 1 DAGs
[2024-10-06T04:33:01.530+0000] {logging_mixin.py:190} INFO - [2024-10-06T04:33:01.530+0000] {dag.py:4180} INFO - Setting next_dagrun for hello_world_valdo to 2024-10-06 00:00:00+00:00, run_after=2024-10-07 00:00:00+00:00
[2024-10-06T04:33:01.547+0000] {processor.py:208} INFO - Processing /opt/airflow/dags/hello_world.py took 0.060 seconds
[2024-10-06T04:33:32.112+0000] {processor.py:186} INFO - Started process (PID=2704) to work on /opt/airflow/dags/hello_world.py
[2024-10-06T04:33:32.112+0000] {processor.py:914} INFO - Processing file /opt/airflow/dags/hello_world.py for tasks to queue
[2024-10-06T04:33:32.114+0000] {logging_mixin.py:190} INFO - [2024-10-06T04:33:32.114+0000] {dagbag.py:588} INFO - Filling up the DagBag from /opt/airflow/dags/hello_world.py
[2024-10-06T04:33:32.120+0000] {processor.py:925} INFO - DAG(s) 'hello_world_valdo' retrieved from /opt/airflow/dags/hello_world.py
[2024-10-06T04:33:32.133+0000] {logging_mixin.py:190} INFO - [2024-10-06T04:33:32.133+0000] {dag.py:3239} INFO - Sync 1 DAGs
[2024-10-06T04:33:32.152+0000] {logging_mixin.py:190} INFO - [2024-10-06T04:33:32.152+0000] {dag.py:4180} INFO - Setting next_dagrun for hello_world_valdo to 2024-10-06 00:00:00+00:00, run_after=2024-10-07 00:00:00+00:00
[2024-10-06T04:33:32.180+0000] {processor.py:208} INFO - Processing /opt/airflow/dags/hello_world.py took 0.072 seconds
[2024-10-06T04:34:02.837+0000] {processor.py:186} INFO - Started process (PID=2767) to work on /opt/airflow/dags/hello_world.py
[2024-10-06T04:34:02.838+0000] {processor.py:914} INFO - Processing file /opt/airflow/dags/hello_world.py for tasks to queue
[2024-10-06T04:34:02.839+0000] {logging_mixin.py:190} INFO - [2024-10-06T04:34:02.839+0000] {dagbag.py:588} INFO - Filling up the DagBag from /opt/airflow/dags/hello_world.py
[2024-10-06T04:34:02.846+0000] {processor.py:925} INFO - DAG(s) 'hello_world_valdo' retrieved from /opt/airflow/dags/hello_world.py
[2024-10-06T04:34:02.859+0000] {logging_mixin.py:190} INFO - [2024-10-06T04:34:02.859+0000] {dag.py:3239} INFO - Sync 1 DAGs
[2024-10-06T04:34:02.877+0000] {logging_mixin.py:190} INFO - [2024-10-06T04:34:02.877+0000] {dag.py:4180} INFO - Setting next_dagrun for hello_world_valdo to 2024-10-06 00:00:00+00:00, run_after=2024-10-07 00:00:00+00:00
[2024-10-06T04:34:03.037+0000] {processor.py:208} INFO - Processing /opt/airflow/dags/hello_world.py took 0.204 seconds
[2024-10-06T04:34:33.935+0000] {processor.py:186} INFO - Started process (PID=2830) to work on /opt/airflow/dags/hello_world.py
[2024-10-06T04:34:33.936+0000] {processor.py:914} INFO - Processing file /opt/airflow/dags/hello_world.py for tasks to queue
[2024-10-06T04:34:33.938+0000] {logging_mixin.py:190} INFO - [2024-10-06T04:34:33.937+0000] {dagbag.py:588} INFO - Filling up the DagBag from /opt/airflow/dags/hello_world.py
[2024-10-06T04:34:33.944+0000] {processor.py:925} INFO - DAG(s) 'hello_world_valdo' retrieved from /opt/airflow/dags/hello_world.py
[2024-10-06T04:34:33.962+0000] {logging_mixin.py:190} INFO - [2024-10-06T04:34:33.961+0000] {dag.py:3239} INFO - Sync 1 DAGs
[2024-10-06T04:34:33.983+0000] {logging_mixin.py:190} INFO - [2024-10-06T04:34:33.982+0000] {dag.py:4180} INFO - Setting next_dagrun for hello_world_valdo to 2024-10-06 00:00:00+00:00, run_after=2024-10-07 00:00:00+00:00
[2024-10-06T04:34:34.149+0000] {processor.py:208} INFO - Processing /opt/airflow/dags/hello_world.py took 0.218 seconds
[2024-10-06T04:35:04.952+0000] {processor.py:186} INFO - Started process (PID=2893) to work on /opt/airflow/dags/hello_world.py
[2024-10-06T04:35:04.952+0000] {processor.py:914} INFO - Processing file /opt/airflow/dags/hello_world.py for tasks to queue
[2024-10-06T04:35:04.954+0000] {logging_mixin.py:190} INFO - [2024-10-06T04:35:04.954+0000] {dagbag.py:588} INFO - Filling up the DagBag from /opt/airflow/dags/hello_world.py
[2024-10-06T04:35:04.960+0000] {processor.py:925} INFO - DAG(s) 'hello_world_valdo' retrieved from /opt/airflow/dags/hello_world.py
[2024-10-06T04:35:04.973+0000] {logging_mixin.py:190} INFO - [2024-10-06T04:35:04.973+0000] {dag.py:3239} INFO - Sync 1 DAGs
[2024-10-06T04:35:04.991+0000] {logging_mixin.py:190} INFO - [2024-10-06T04:35:04.991+0000] {dag.py:4180} INFO - Setting next_dagrun for hello_world_valdo to 2024-10-06 00:00:00+00:00, run_after=2024-10-07 00:00:00+00:00
[2024-10-06T04:35:05.011+0000] {processor.py:208} INFO - Processing /opt/airflow/dags/hello_world.py took 0.064 seconds
[2024-10-06T04:35:35.345+0000] {processor.py:186} INFO - Started process (PID=2956) to work on /opt/airflow/dags/hello_world.py
[2024-10-06T04:35:35.345+0000] {processor.py:914} INFO - Processing file /opt/airflow/dags/hello_world.py for tasks to queue
[2024-10-06T04:35:35.347+0000] {logging_mixin.py:190} INFO - [2024-10-06T04:35:35.346+0000] {dagbag.py:588} INFO - Filling up the DagBag from /opt/airflow/dags/hello_world.py
[2024-10-06T04:35:35.353+0000] {processor.py:925} INFO - DAG(s) 'hello_world_valdo' retrieved from /opt/airflow/dags/hello_world.py
[2024-10-06T04:35:35.371+0000] {logging_mixin.py:190} INFO - [2024-10-06T04:35:35.371+0000] {dag.py:3239} INFO - Sync 1 DAGs
[2024-10-06T04:35:35.393+0000] {logging_mixin.py:190} INFO - [2024-10-06T04:35:35.392+0000] {dag.py:4180} INFO - Setting next_dagrun for hello_world_valdo to 2024-10-06 00:00:00+00:00, run_after=2024-10-07 00:00:00+00:00
[2024-10-06T04:35:35.412+0000] {processor.py:208} INFO - Processing /opt/airflow/dags/hello_world.py took 0.073 seconds
[2024-10-06T04:36:06.011+0000] {processor.py:186} INFO - Started process (PID=3020) to work on /opt/airflow/dags/hello_world.py
[2024-10-06T04:36:06.011+0000] {processor.py:914} INFO - Processing file /opt/airflow/dags/hello_world.py for tasks to queue
[2024-10-06T04:36:06.014+0000] {logging_mixin.py:190} INFO - [2024-10-06T04:36:06.014+0000] {dagbag.py:588} INFO - Filling up the DagBag from /opt/airflow/dags/hello_world.py
[2024-10-06T04:36:06.023+0000] {processor.py:925} INFO - DAG(s) 'hello_world_valdo' retrieved from /opt/airflow/dags/hello_world.py
[2024-10-06T04:36:06.041+0000] {logging_mixin.py:190} INFO - [2024-10-06T04:36:06.041+0000] {dag.py:3239} INFO - Sync 1 DAGs
[2024-10-06T04:36:06.068+0000] {logging_mixin.py:190} INFO - [2024-10-06T04:36:06.068+0000] {dag.py:4180} INFO - Setting next_dagrun for hello_world_valdo to 2024-10-06 00:00:00+00:00, run_after=2024-10-07 00:00:00+00:00
[2024-10-06T04:36:06.094+0000] {processor.py:208} INFO - Processing /opt/airflow/dags/hello_world.py took 0.089 seconds
[2024-10-06T04:36:36.373+0000] {processor.py:186} INFO - Started process (PID=3083) to work on /opt/airflow/dags/hello_world.py
[2024-10-06T04:36:36.374+0000] {processor.py:914} INFO - Processing file /opt/airflow/dags/hello_world.py for tasks to queue
[2024-10-06T04:36:36.376+0000] {logging_mixin.py:190} INFO - [2024-10-06T04:36:36.376+0000] {dagbag.py:588} INFO - Filling up the DagBag from /opt/airflow/dags/hello_world.py
[2024-10-06T04:36:36.384+0000] {processor.py:925} INFO - DAG(s) 'hello_world_valdo' retrieved from /opt/airflow/dags/hello_world.py
[2024-10-06T04:36:36.400+0000] {logging_mixin.py:190} INFO - [2024-10-06T04:36:36.399+0000] {dag.py:3239} INFO - Sync 1 DAGs
[2024-10-06T04:36:36.419+0000] {logging_mixin.py:190} INFO - [2024-10-06T04:36:36.419+0000] {dag.py:4180} INFO - Setting next_dagrun for hello_world_valdo to 2024-10-06 00:00:00+00:00, run_after=2024-10-07 00:00:00+00:00
[2024-10-06T04:36:36.437+0000] {processor.py:208} INFO - Processing /opt/airflow/dags/hello_world.py took 0.069 seconds
[2024-10-06T04:37:06.718+0000] {processor.py:186} INFO - Started process (PID=3146) to work on /opt/airflow/dags/hello_world.py
[2024-10-06T04:37:06.718+0000] {processor.py:914} INFO - Processing file /opt/airflow/dags/hello_world.py for tasks to queue
[2024-10-06T04:37:06.720+0000] {logging_mixin.py:190} INFO - [2024-10-06T04:37:06.720+0000] {dagbag.py:588} INFO - Filling up the DagBag from /opt/airflow/dags/hello_world.py
[2024-10-06T04:37:06.726+0000] {processor.py:925} INFO - DAG(s) 'hello_world_valdo' retrieved from /opt/airflow/dags/hello_world.py
[2024-10-06T04:37:06.740+0000] {logging_mixin.py:190} INFO - [2024-10-06T04:37:06.739+0000] {dag.py:3239} INFO - Sync 1 DAGs
[2024-10-06T04:37:06.757+0000] {logging_mixin.py:190} INFO - [2024-10-06T04:37:06.757+0000] {dag.py:4180} INFO - Setting next_dagrun for hello_world_valdo to 2024-10-06 00:00:00+00:00, run_after=2024-10-07 00:00:00+00:00
[2024-10-06T04:37:06.775+0000] {processor.py:208} INFO - Processing /opt/airflow/dags/hello_world.py took 0.062 seconds
[2024-10-06T04:37:37.119+0000] {processor.py:186} INFO - Started process (PID=3209) to work on /opt/airflow/dags/hello_world.py
[2024-10-06T04:37:37.120+0000] {processor.py:914} INFO - Processing file /opt/airflow/dags/hello_world.py for tasks to queue
[2024-10-06T04:37:37.121+0000] {logging_mixin.py:190} INFO - [2024-10-06T04:37:37.121+0000] {dagbag.py:588} INFO - Filling up the DagBag from /opt/airflow/dags/hello_world.py
[2024-10-06T04:37:37.128+0000] {processor.py:925} INFO - DAG(s) 'hello_world_valdo' retrieved from /opt/airflow/dags/hello_world.py
[2024-10-06T04:37:37.141+0000] {logging_mixin.py:190} INFO - [2024-10-06T04:37:37.141+0000] {dag.py:3239} INFO - Sync 1 DAGs
[2024-10-06T04:37:37.159+0000] {logging_mixin.py:190} INFO - [2024-10-06T04:37:37.159+0000] {dag.py:4180} INFO - Setting next_dagrun for hello_world_valdo to 2024-10-06 00:00:00+00:00, run_after=2024-10-07 00:00:00+00:00
[2024-10-06T04:37:37.176+0000] {processor.py:208} INFO - Processing /opt/airflow/dags/hello_world.py took 0.062 seconds
[2024-10-06T04:38:07.544+0000] {processor.py:186} INFO - Started process (PID=3272) to work on /opt/airflow/dags/hello_world.py
[2024-10-06T04:38:07.544+0000] {processor.py:914} INFO - Processing file /opt/airflow/dags/hello_world.py for tasks to queue
[2024-10-06T04:38:07.546+0000] {logging_mixin.py:190} INFO - [2024-10-06T04:38:07.546+0000] {dagbag.py:588} INFO - Filling up the DagBag from /opt/airflow/dags/hello_world.py
[2024-10-06T04:38:07.552+0000] {processor.py:925} INFO - DAG(s) 'hello_world_valdo' retrieved from /opt/airflow/dags/hello_world.py
[2024-10-06T04:38:07.566+0000] {logging_mixin.py:190} INFO - [2024-10-06T04:38:07.565+0000] {dag.py:3239} INFO - Sync 1 DAGs
[2024-10-06T04:38:07.583+0000] {logging_mixin.py:190} INFO - [2024-10-06T04:38:07.583+0000] {dag.py:4180} INFO - Setting next_dagrun for hello_world_valdo to 2024-10-06 00:00:00+00:00, run_after=2024-10-07 00:00:00+00:00
[2024-10-06T04:38:07.603+0000] {processor.py:208} INFO - Processing /opt/airflow/dags/hello_world.py took 0.064 seconds
[2024-10-06T04:38:37.910+0000] {processor.py:186} INFO - Started process (PID=3335) to work on /opt/airflow/dags/hello_world.py
[2024-10-06T04:38:37.911+0000] {processor.py:914} INFO - Processing file /opt/airflow/dags/hello_world.py for tasks to queue
[2024-10-06T04:38:37.912+0000] {logging_mixin.py:190} INFO - [2024-10-06T04:38:37.912+0000] {dagbag.py:588} INFO - Filling up the DagBag from /opt/airflow/dags/hello_world.py
[2024-10-06T04:38:37.919+0000] {processor.py:925} INFO - DAG(s) 'hello_world_valdo' retrieved from /opt/airflow/dags/hello_world.py
[2024-10-06T04:38:37.932+0000] {logging_mixin.py:190} INFO - [2024-10-06T04:38:37.931+0000] {dag.py:3239} INFO - Sync 1 DAGs
[2024-10-06T04:38:37.950+0000] {logging_mixin.py:190} INFO - [2024-10-06T04:38:37.949+0000] {dag.py:4180} INFO - Setting next_dagrun for hello_world_valdo to 2024-10-06 00:00:00+00:00, run_after=2024-10-07 00:00:00+00:00
[2024-10-06T04:38:37.968+0000] {processor.py:208} INFO - Processing /opt/airflow/dags/hello_world.py took 0.061 seconds
[2024-10-06T04:39:08.657+0000] {processor.py:186} INFO - Started process (PID=3398) to work on /opt/airflow/dags/hello_world.py
[2024-10-06T04:39:08.657+0000] {processor.py:914} INFO - Processing file /opt/airflow/dags/hello_world.py for tasks to queue
[2024-10-06T04:39:08.659+0000] {logging_mixin.py:190} INFO - [2024-10-06T04:39:08.659+0000] {dagbag.py:588} INFO - Filling up the DagBag from /opt/airflow/dags/hello_world.py
[2024-10-06T04:39:08.666+0000] {processor.py:925} INFO - DAG(s) 'hello_world_valdo' retrieved from /opt/airflow/dags/hello_world.py
[2024-10-06T04:39:08.679+0000] {logging_mixin.py:190} INFO - [2024-10-06T04:39:08.679+0000] {dag.py:3239} INFO - Sync 1 DAGs
[2024-10-06T04:39:08.698+0000] {logging_mixin.py:190} INFO - [2024-10-06T04:39:08.697+0000] {dag.py:4180} INFO - Setting next_dagrun for hello_world_valdo to 2024-10-06 00:00:00+00:00, run_after=2024-10-07 00:00:00+00:00
[2024-10-06T04:39:08.715+0000] {processor.py:208} INFO - Processing /opt/airflow/dags/hello_world.py took 0.063 seconds
[2024-10-06T04:39:39.096+0000] {processor.py:186} INFO - Started process (PID=3461) to work on /opt/airflow/dags/hello_world.py
[2024-10-06T04:39:39.096+0000] {processor.py:914} INFO - Processing file /opt/airflow/dags/hello_world.py for tasks to queue
[2024-10-06T04:39:39.098+0000] {logging_mixin.py:190} INFO - [2024-10-06T04:39:39.098+0000] {dagbag.py:588} INFO - Filling up the DagBag from /opt/airflow/dags/hello_world.py
[2024-10-06T04:39:39.105+0000] {processor.py:925} INFO - DAG(s) 'hello_world_valdo' retrieved from /opt/airflow/dags/hello_world.py
[2024-10-06T04:39:39.121+0000] {logging_mixin.py:190} INFO - [2024-10-06T04:39:39.121+0000] {dag.py:3239} INFO - Sync 1 DAGs
[2024-10-06T04:39:39.142+0000] {logging_mixin.py:190} INFO - [2024-10-06T04:39:39.142+0000] {dag.py:4180} INFO - Setting next_dagrun for hello_world_valdo to 2024-10-06 00:00:00+00:00, run_after=2024-10-07 00:00:00+00:00
[2024-10-06T04:39:39.161+0000] {processor.py:208} INFO - Processing /opt/airflow/dags/hello_world.py took 0.070 seconds
[2024-10-06T04:40:09.935+0000] {processor.py:186} INFO - Started process (PID=3524) to work on /opt/airflow/dags/hello_world.py
[2024-10-06T04:40:09.936+0000] {processor.py:914} INFO - Processing file /opt/airflow/dags/hello_world.py for tasks to queue
[2024-10-06T04:40:09.937+0000] {logging_mixin.py:190} INFO - [2024-10-06T04:40:09.937+0000] {dagbag.py:588} INFO - Filling up the DagBag from /opt/airflow/dags/hello_world.py
[2024-10-06T04:40:09.944+0000] {processor.py:925} INFO - DAG(s) 'hello_world_valdo' retrieved from /opt/airflow/dags/hello_world.py
[2024-10-06T04:40:09.957+0000] {logging_mixin.py:190} INFO - [2024-10-06T04:40:09.956+0000] {dag.py:3239} INFO - Sync 1 DAGs
[2024-10-06T04:40:09.976+0000] {logging_mixin.py:190} INFO - [2024-10-06T04:40:09.976+0000] {dag.py:4180} INFO - Setting next_dagrun for hello_world_valdo to 2024-10-06 00:00:00+00:00, run_after=2024-10-07 00:00:00+00:00
[2024-10-06T04:40:09.998+0000] {processor.py:208} INFO - Processing /opt/airflow/dags/hello_world.py took 0.067 seconds
[2024-10-06T04:40:40.216+0000] {processor.py:186} INFO - Started process (PID=3587) to work on /opt/airflow/dags/hello_world.py
[2024-10-06T04:40:40.217+0000] {processor.py:914} INFO - Processing file /opt/airflow/dags/hello_world.py for tasks to queue
[2024-10-06T04:40:40.219+0000] {logging_mixin.py:190} INFO - [2024-10-06T04:40:40.218+0000] {dagbag.py:588} INFO - Filling up the DagBag from /opt/airflow/dags/hello_world.py
[2024-10-06T04:40:40.225+0000] {processor.py:925} INFO - DAG(s) 'hello_world_valdo' retrieved from /opt/airflow/dags/hello_world.py
[2024-10-06T04:40:40.239+0000] {logging_mixin.py:190} INFO - [2024-10-06T04:40:40.238+0000] {dag.py:3239} INFO - Sync 1 DAGs
[2024-10-06T04:40:40.256+0000] {logging_mixin.py:190} INFO - [2024-10-06T04:40:40.256+0000] {dag.py:4180} INFO - Setting next_dagrun for hello_world_valdo to 2024-10-06 00:00:00+00:00, run_after=2024-10-07 00:00:00+00:00
[2024-10-06T04:40:40.275+0000] {processor.py:208} INFO - Processing /opt/airflow/dags/hello_world.py took 0.064 seconds
[2024-10-06T04:41:10.436+0000] {processor.py:186} INFO - Started process (PID=3650) to work on /opt/airflow/dags/hello_world.py
[2024-10-06T04:41:10.437+0000] {processor.py:914} INFO - Processing file /opt/airflow/dags/hello_world.py for tasks to queue
[2024-10-06T04:41:10.439+0000] {logging_mixin.py:190} INFO - [2024-10-06T04:41:10.438+0000] {dagbag.py:588} INFO - Filling up the DagBag from /opt/airflow/dags/hello_world.py
[2024-10-06T04:41:10.445+0000] {processor.py:925} INFO - DAG(s) 'hello_world_valdo' retrieved from /opt/airflow/dags/hello_world.py
[2024-10-06T04:41:10.459+0000] {logging_mixin.py:190} INFO - [2024-10-06T04:41:10.458+0000] {dag.py:3239} INFO - Sync 1 DAGs
[2024-10-06T04:41:10.476+0000] {logging_mixin.py:190} INFO - [2024-10-06T04:41:10.476+0000] {dag.py:4180} INFO - Setting next_dagrun for hello_world_valdo to 2024-10-06 00:00:00+00:00, run_after=2024-10-07 00:00:00+00:00
[2024-10-06T04:41:10.494+0000] {processor.py:208} INFO - Processing /opt/airflow/dags/hello_world.py took 0.063 seconds
[2024-10-06T04:41:40.691+0000] {processor.py:186} INFO - Started process (PID=3713) to work on /opt/airflow/dags/hello_world.py
[2024-10-06T04:41:40.692+0000] {processor.py:914} INFO - Processing file /opt/airflow/dags/hello_world.py for tasks to queue
[2024-10-06T04:41:40.693+0000] {logging_mixin.py:190} INFO - [2024-10-06T04:41:40.693+0000] {dagbag.py:588} INFO - Filling up the DagBag from /opt/airflow/dags/hello_world.py
[2024-10-06T04:41:40.700+0000] {processor.py:925} INFO - DAG(s) 'hello_world_valdo' retrieved from /opt/airflow/dags/hello_world.py
[2024-10-06T04:41:40.713+0000] {logging_mixin.py:190} INFO - [2024-10-06T04:41:40.712+0000] {dag.py:3239} INFO - Sync 1 DAGs
[2024-10-06T04:41:40.731+0000] {logging_mixin.py:190} INFO - [2024-10-06T04:41:40.731+0000] {dag.py:4180} INFO - Setting next_dagrun for hello_world_valdo to 2024-10-06 00:00:00+00:00, run_after=2024-10-07 00:00:00+00:00
[2024-10-06T04:41:40.749+0000] {processor.py:208} INFO - Processing /opt/airflow/dags/hello_world.py took 0.062 seconds
[2024-10-06T04:42:10.810+0000] {processor.py:186} INFO - Started process (PID=3776) to work on /opt/airflow/dags/hello_world.py
[2024-10-06T04:42:10.811+0000] {processor.py:914} INFO - Processing file /opt/airflow/dags/hello_world.py for tasks to queue
[2024-10-06T04:42:10.813+0000] {logging_mixin.py:190} INFO - [2024-10-06T04:42:10.812+0000] {dagbag.py:588} INFO - Filling up the DagBag from /opt/airflow/dags/hello_world.py
[2024-10-06T04:42:10.819+0000] {processor.py:925} INFO - DAG(s) 'hello_world_valdo' retrieved from /opt/airflow/dags/hello_world.py
[2024-10-06T04:42:10.832+0000] {logging_mixin.py:190} INFO - [2024-10-06T04:42:10.832+0000] {dag.py:3239} INFO - Sync 1 DAGs
[2024-10-06T04:42:10.851+0000] {logging_mixin.py:190} INFO - [2024-10-06T04:42:10.850+0000] {dag.py:4180} INFO - Setting next_dagrun for hello_world_valdo to 2024-10-06 00:00:00+00:00, run_after=2024-10-07 00:00:00+00:00
[2024-10-06T04:42:10.871+0000] {processor.py:208} INFO - Processing /opt/airflow/dags/hello_world.py took 0.065 seconds
[2024-10-06T04:42:41.341+0000] {processor.py:186} INFO - Started process (PID=3840) to work on /opt/airflow/dags/hello_world.py
[2024-10-06T04:42:41.341+0000] {processor.py:914} INFO - Processing file /opt/airflow/dags/hello_world.py for tasks to queue
[2024-10-06T04:42:41.343+0000] {logging_mixin.py:190} INFO - [2024-10-06T04:42:41.343+0000] {dagbag.py:588} INFO - Filling up the DagBag from /opt/airflow/dags/hello_world.py
[2024-10-06T04:42:41.350+0000] {processor.py:925} INFO - DAG(s) 'hello_world_valdo' retrieved from /opt/airflow/dags/hello_world.py
[2024-10-06T04:42:41.366+0000] {logging_mixin.py:190} INFO - [2024-10-06T04:42:41.366+0000] {dag.py:3239} INFO - Sync 1 DAGs
[2024-10-06T04:42:41.391+0000] {logging_mixin.py:190} INFO - [2024-10-06T04:42:41.391+0000] {dag.py:4180} INFO - Setting next_dagrun for hello_world_valdo to 2024-10-06 00:00:00+00:00, run_after=2024-10-07 00:00:00+00:00
[2024-10-06T04:42:41.414+0000] {processor.py:208} INFO - Processing /opt/airflow/dags/hello_world.py took 0.079 seconds
[2024-10-06T04:43:12.228+0000] {processor.py:186} INFO - Started process (PID=3903) to work on /opt/airflow/dags/hello_world.py
[2024-10-06T04:43:12.229+0000] {processor.py:914} INFO - Processing file /opt/airflow/dags/hello_world.py for tasks to queue
[2024-10-06T04:43:12.231+0000] {logging_mixin.py:190} INFO - [2024-10-06T04:43:12.231+0000] {dagbag.py:588} INFO - Filling up the DagBag from /opt/airflow/dags/hello_world.py
[2024-10-06T04:43:12.240+0000] {processor.py:925} INFO - DAG(s) 'hello_world_valdo' retrieved from /opt/airflow/dags/hello_world.py
[2024-10-06T04:43:12.259+0000] {logging_mixin.py:190} INFO - [2024-10-06T04:43:12.259+0000] {dag.py:3239} INFO - Sync 1 DAGs
[2024-10-06T04:43:12.287+0000] {logging_mixin.py:190} INFO - [2024-10-06T04:43:12.287+0000] {dag.py:4180} INFO - Setting next_dagrun for hello_world_valdo to 2024-10-06 00:00:00+00:00, run_after=2024-10-07 00:00:00+00:00
[2024-10-06T04:43:12.310+0000] {processor.py:208} INFO - Processing /opt/airflow/dags/hello_world.py took 0.088 seconds
[2024-10-06T04:43:42.370+0000] {processor.py:186} INFO - Started process (PID=3966) to work on /opt/airflow/dags/hello_world.py
[2024-10-06T04:43:42.370+0000] {processor.py:914} INFO - Processing file /opt/airflow/dags/hello_world.py for tasks to queue
[2024-10-06T04:43:42.372+0000] {logging_mixin.py:190} INFO - [2024-10-06T04:43:42.372+0000] {dagbag.py:588} INFO - Filling up the DagBag from /opt/airflow/dags/hello_world.py
[2024-10-06T04:43:42.378+0000] {processor.py:925} INFO - DAG(s) 'hello_world_valdo' retrieved from /opt/airflow/dags/hello_world.py
[2024-10-06T04:43:42.391+0000] {logging_mixin.py:190} INFO - [2024-10-06T04:43:42.391+0000] {dag.py:3239} INFO - Sync 1 DAGs
[2024-10-06T04:43:42.414+0000] {logging_mixin.py:190} INFO - [2024-10-06T04:43:42.414+0000] {dag.py:4180} INFO - Setting next_dagrun for hello_world_valdo to 2024-10-06 00:00:00+00:00, run_after=2024-10-07 00:00:00+00:00
[2024-10-06T04:43:42.433+0000] {processor.py:208} INFO - Processing /opt/airflow/dags/hello_world.py took 0.068 seconds
[2024-10-06T04:44:12.717+0000] {processor.py:186} INFO - Started process (PID=4029) to work on /opt/airflow/dags/hello_world.py
[2024-10-06T04:44:12.718+0000] {processor.py:914} INFO - Processing file /opt/airflow/dags/hello_world.py for tasks to queue
[2024-10-06T04:44:12.720+0000] {logging_mixin.py:190} INFO - [2024-10-06T04:44:12.719+0000] {dagbag.py:588} INFO - Filling up the DagBag from /opt/airflow/dags/hello_world.py
[2024-10-06T04:44:12.726+0000] {processor.py:925} INFO - DAG(s) 'hello_world_valdo' retrieved from /opt/airflow/dags/hello_world.py
[2024-10-06T04:44:12.739+0000] {logging_mixin.py:190} INFO - [2024-10-06T04:44:12.739+0000] {dag.py:3239} INFO - Sync 1 DAGs
[2024-10-06T04:44:12.758+0000] {logging_mixin.py:190} INFO - [2024-10-06T04:44:12.758+0000] {dag.py:4180} INFO - Setting next_dagrun for hello_world_valdo to 2024-10-06 00:00:00+00:00, run_after=2024-10-07 00:00:00+00:00
[2024-10-06T04:44:12.775+0000] {processor.py:208} INFO - Processing /opt/airflow/dags/hello_world.py took 0.063 seconds
[2024-10-06T04:44:43.077+0000] {processor.py:186} INFO - Started process (PID=4092) to work on /opt/airflow/dags/hello_world.py
[2024-10-06T04:44:43.078+0000] {processor.py:914} INFO - Processing file /opt/airflow/dags/hello_world.py for tasks to queue
[2024-10-06T04:44:43.079+0000] {logging_mixin.py:190} INFO - [2024-10-06T04:44:43.079+0000] {dagbag.py:588} INFO - Filling up the DagBag from /opt/airflow/dags/hello_world.py
[2024-10-06T04:44:43.085+0000] {processor.py:925} INFO - DAG(s) 'hello_world_valdo' retrieved from /opt/airflow/dags/hello_world.py
[2024-10-06T04:44:43.098+0000] {logging_mixin.py:190} INFO - [2024-10-06T04:44:43.098+0000] {dag.py:3239} INFO - Sync 1 DAGs
[2024-10-06T04:44:43.119+0000] {logging_mixin.py:190} INFO - [2024-10-06T04:44:43.118+0000] {dag.py:4180} INFO - Setting next_dagrun for hello_world_valdo to 2024-10-06 00:00:00+00:00, run_after=2024-10-07 00:00:00+00:00
[2024-10-06T04:44:43.137+0000] {processor.py:208} INFO - Processing /opt/airflow/dags/hello_world.py took 0.065 seconds
[2024-10-06T04:45:13.558+0000] {processor.py:186} INFO - Started process (PID=4156) to work on /opt/airflow/dags/hello_world.py
[2024-10-06T04:45:13.558+0000] {processor.py:914} INFO - Processing file /opt/airflow/dags/hello_world.py for tasks to queue
[2024-10-06T04:45:13.560+0000] {logging_mixin.py:190} INFO - [2024-10-06T04:45:13.560+0000] {dagbag.py:588} INFO - Filling up the DagBag from /opt/airflow/dags/hello_world.py
[2024-10-06T04:45:13.566+0000] {processor.py:925} INFO - DAG(s) 'hello_world_valdo' retrieved from /opt/airflow/dags/hello_world.py
[2024-10-06T04:45:13.579+0000] {logging_mixin.py:190} INFO - [2024-10-06T04:45:13.579+0000] {dag.py:3239} INFO - Sync 1 DAGs
[2024-10-06T04:45:13.597+0000] {logging_mixin.py:190} INFO - [2024-10-06T04:45:13.597+0000] {dag.py:4180} INFO - Setting next_dagrun for hello_world_valdo to 2024-10-06 00:00:00+00:00, run_after=2024-10-07 00:00:00+00:00
[2024-10-06T04:45:13.615+0000] {processor.py:208} INFO - Processing /opt/airflow/dags/hello_world.py took 0.062 seconds
[2024-10-06T04:45:43.857+0000] {processor.py:186} INFO - Started process (PID=4219) to work on /opt/airflow/dags/hello_world.py
[2024-10-06T04:45:43.857+0000] {processor.py:914} INFO - Processing file /opt/airflow/dags/hello_world.py for tasks to queue
[2024-10-06T04:45:43.859+0000] {logging_mixin.py:190} INFO - [2024-10-06T04:45:43.858+0000] {dagbag.py:588} INFO - Filling up the DagBag from /opt/airflow/dags/hello_world.py
[2024-10-06T04:45:43.865+0000] {processor.py:925} INFO - DAG(s) 'hello_world_valdo' retrieved from /opt/airflow/dags/hello_world.py
[2024-10-06T04:45:43.878+0000] {logging_mixin.py:190} INFO - [2024-10-06T04:45:43.878+0000] {dag.py:3239} INFO - Sync 1 DAGs
[2024-10-06T04:45:43.897+0000] {logging_mixin.py:190} INFO - [2024-10-06T04:45:43.896+0000] {dag.py:4180} INFO - Setting next_dagrun for hello_world_valdo to 2024-10-06 00:00:00+00:00, run_after=2024-10-07 00:00:00+00:00
[2024-10-06T04:45:43.914+0000] {processor.py:208} INFO - Processing /opt/airflow/dags/hello_world.py took 0.063 seconds
[2024-10-06T04:46:14.196+0000] {processor.py:186} INFO - Started process (PID=4282) to work on /opt/airflow/dags/hello_world.py
[2024-10-06T04:46:14.196+0000] {processor.py:914} INFO - Processing file /opt/airflow/dags/hello_world.py for tasks to queue
[2024-10-06T04:46:14.198+0000] {logging_mixin.py:190} INFO - [2024-10-06T04:46:14.198+0000] {dagbag.py:588} INFO - Filling up the DagBag from /opt/airflow/dags/hello_world.py
[2024-10-06T04:46:14.204+0000] {processor.py:925} INFO - DAG(s) 'hello_world_valdo' retrieved from /opt/airflow/dags/hello_world.py
[2024-10-06T04:46:14.217+0000] {logging_mixin.py:190} INFO - [2024-10-06T04:46:14.217+0000] {dag.py:3239} INFO - Sync 1 DAGs
[2024-10-06T04:46:14.235+0000] {logging_mixin.py:190} INFO - [2024-10-06T04:46:14.235+0000] {dag.py:4180} INFO - Setting next_dagrun for hello_world_valdo to 2024-10-06 00:00:00+00:00, run_after=2024-10-07 00:00:00+00:00
[2024-10-06T04:46:14.260+0000] {processor.py:208} INFO - Processing /opt/airflow/dags/hello_world.py took 0.069 seconds
[2024-10-06T04:46:44.540+0000] {processor.py:186} INFO - Started process (PID=4345) to work on /opt/airflow/dags/hello_world.py
[2024-10-06T04:46:44.541+0000] {processor.py:914} INFO - Processing file /opt/airflow/dags/hello_world.py for tasks to queue
[2024-10-06T04:46:44.542+0000] {logging_mixin.py:190} INFO - [2024-10-06T04:46:44.542+0000] {dagbag.py:588} INFO - Filling up the DagBag from /opt/airflow/dags/hello_world.py
[2024-10-06T04:46:44.548+0000] {processor.py:925} INFO - DAG(s) 'hello_world_valdo' retrieved from /opt/airflow/dags/hello_world.py
[2024-10-06T04:46:44.562+0000] {logging_mixin.py:190} INFO - [2024-10-06T04:46:44.562+0000] {dag.py:3239} INFO - Sync 1 DAGs
[2024-10-06T04:46:44.580+0000] {logging_mixin.py:190} INFO - [2024-10-06T04:46:44.580+0000] {dag.py:4180} INFO - Setting next_dagrun for hello_world_valdo to 2024-10-06 00:00:00+00:00, run_after=2024-10-07 00:00:00+00:00
[2024-10-06T04:46:44.597+0000] {processor.py:208} INFO - Processing /opt/airflow/dags/hello_world.py took 0.062 seconds
[2024-10-06T04:47:15.053+0000] {processor.py:186} INFO - Started process (PID=4408) to work on /opt/airflow/dags/hello_world.py
[2024-10-06T04:47:15.054+0000] {processor.py:914} INFO - Processing file /opt/airflow/dags/hello_world.py for tasks to queue
[2024-10-06T04:47:15.055+0000] {logging_mixin.py:190} INFO - [2024-10-06T04:47:15.055+0000] {dagbag.py:588} INFO - Filling up the DagBag from /opt/airflow/dags/hello_world.py
[2024-10-06T04:47:15.061+0000] {processor.py:925} INFO - DAG(s) 'hello_world_valdo' retrieved from /opt/airflow/dags/hello_world.py
[2024-10-06T04:47:15.074+0000] {logging_mixin.py:190} INFO - [2024-10-06T04:47:15.074+0000] {dag.py:3239} INFO - Sync 1 DAGs
[2024-10-06T04:47:15.092+0000] {logging_mixin.py:190} INFO - [2024-10-06T04:47:15.092+0000] {dag.py:4180} INFO - Setting next_dagrun for hello_world_valdo to 2024-10-06 00:00:00+00:00, run_after=2024-10-07 00:00:00+00:00
[2024-10-06T04:47:15.124+0000] {processor.py:208} INFO - Processing /opt/airflow/dags/hello_world.py took 0.075 seconds
[2024-10-06T04:47:45.642+0000] {processor.py:186} INFO - Started process (PID=4471) to work on /opt/airflow/dags/hello_world.py
[2024-10-06T04:47:45.642+0000] {processor.py:914} INFO - Processing file /opt/airflow/dags/hello_world.py for tasks to queue
[2024-10-06T04:47:45.644+0000] {logging_mixin.py:190} INFO - [2024-10-06T04:47:45.644+0000] {dagbag.py:588} INFO - Filling up the DagBag from /opt/airflow/dags/hello_world.py
[2024-10-06T04:47:45.650+0000] {processor.py:925} INFO - DAG(s) 'hello_world_valdo' retrieved from /opt/airflow/dags/hello_world.py
[2024-10-06T04:47:45.663+0000] {logging_mixin.py:190} INFO - [2024-10-06T04:47:45.663+0000] {dag.py:3239} INFO - Sync 1 DAGs
[2024-10-06T04:47:45.681+0000] {logging_mixin.py:190} INFO - [2024-10-06T04:47:45.681+0000] {dag.py:4180} INFO - Setting next_dagrun for hello_world_valdo to 2024-10-06 00:00:00+00:00, run_after=2024-10-07 00:00:00+00:00
[2024-10-06T04:47:45.697+0000] {processor.py:208} INFO - Processing /opt/airflow/dags/hello_world.py took 0.060 seconds
[2024-10-06T04:48:15.854+0000] {processor.py:186} INFO - Started process (PID=4534) to work on /opt/airflow/dags/hello_world.py
[2024-10-06T04:48:15.855+0000] {processor.py:914} INFO - Processing file /opt/airflow/dags/hello_world.py for tasks to queue
[2024-10-06T04:48:15.856+0000] {logging_mixin.py:190} INFO - [2024-10-06T04:48:15.856+0000] {dagbag.py:588} INFO - Filling up the DagBag from /opt/airflow/dags/hello_world.py
[2024-10-06T04:48:15.863+0000] {processor.py:925} INFO - DAG(s) 'hello_world_valdo' retrieved from /opt/airflow/dags/hello_world.py
[2024-10-06T04:48:15.879+0000] {logging_mixin.py:190} INFO - [2024-10-06T04:48:15.878+0000] {dag.py:3239} INFO - Sync 1 DAGs
[2024-10-06T04:48:15.898+0000] {logging_mixin.py:190} INFO - [2024-10-06T04:48:15.898+0000] {dag.py:4180} INFO - Setting next_dagrun for hello_world_valdo to 2024-10-06 00:00:00+00:00, run_after=2024-10-07 00:00:00+00:00
[2024-10-06T04:48:15.920+0000] {processor.py:208} INFO - Processing /opt/airflow/dags/hello_world.py took 0.071 seconds
[2024-10-06T04:48:46.117+0000] {processor.py:186} INFO - Started process (PID=4598) to work on /opt/airflow/dags/hello_world.py
[2024-10-06T04:48:46.117+0000] {processor.py:914} INFO - Processing file /opt/airflow/dags/hello_world.py for tasks to queue
[2024-10-06T04:48:46.119+0000] {logging_mixin.py:190} INFO - [2024-10-06T04:48:46.119+0000] {dagbag.py:588} INFO - Filling up the DagBag from /opt/airflow/dags/hello_world.py
[2024-10-06T04:48:46.125+0000] {processor.py:925} INFO - DAG(s) 'hello_world_valdo' retrieved from /opt/airflow/dags/hello_world.py
[2024-10-06T04:48:46.140+0000] {logging_mixin.py:190} INFO - [2024-10-06T04:48:46.140+0000] {dag.py:3239} INFO - Sync 1 DAGs
[2024-10-06T04:48:46.159+0000] {logging_mixin.py:190} INFO - [2024-10-06T04:48:46.159+0000] {dag.py:4180} INFO - Setting next_dagrun for hello_world_valdo to 2024-10-06 00:00:00+00:00, run_after=2024-10-07 00:00:00+00:00
[2024-10-06T04:48:46.178+0000] {processor.py:208} INFO - Processing /opt/airflow/dags/hello_world.py took 0.066 seconds
[2024-10-06T04:49:16.559+0000] {processor.py:186} INFO - Started process (PID=4661) to work on /opt/airflow/dags/hello_world.py
[2024-10-06T04:49:16.560+0000] {processor.py:914} INFO - Processing file /opt/airflow/dags/hello_world.py for tasks to queue
[2024-10-06T04:49:16.562+0000] {logging_mixin.py:190} INFO - [2024-10-06T04:49:16.561+0000] {dagbag.py:588} INFO - Filling up the DagBag from /opt/airflow/dags/hello_world.py
[2024-10-06T04:49:16.568+0000] {processor.py:925} INFO - DAG(s) 'hello_world_valdo' retrieved from /opt/airflow/dags/hello_world.py
[2024-10-06T04:49:16.581+0000] {logging_mixin.py:190} INFO - [2024-10-06T04:49:16.581+0000] {dag.py:3239} INFO - Sync 1 DAGs
[2024-10-06T04:49:16.600+0000] {logging_mixin.py:190} INFO - [2024-10-06T04:49:16.600+0000] {dag.py:4180} INFO - Setting next_dagrun for hello_world_valdo to 2024-10-06 00:00:00+00:00, run_after=2024-10-07 00:00:00+00:00
[2024-10-06T04:49:16.621+0000] {processor.py:208} INFO - Processing /opt/airflow/dags/hello_world.py took 0.066 seconds
[2024-10-06T04:49:46.915+0000] {processor.py:186} INFO - Started process (PID=4725) to work on /opt/airflow/dags/hello_world.py
[2024-10-06T04:49:46.915+0000] {processor.py:914} INFO - Processing file /opt/airflow/dags/hello_world.py for tasks to queue
[2024-10-06T04:49:46.917+0000] {logging_mixin.py:190} INFO - [2024-10-06T04:49:46.916+0000] {dagbag.py:588} INFO - Filling up the DagBag from /opt/airflow/dags/hello_world.py
[2024-10-06T04:49:46.923+0000] {processor.py:925} INFO - DAG(s) 'hello_world_valdo' retrieved from /opt/airflow/dags/hello_world.py
[2024-10-06T04:49:46.937+0000] {logging_mixin.py:190} INFO - [2024-10-06T04:49:46.936+0000] {dag.py:3239} INFO - Sync 1 DAGs
[2024-10-06T04:49:46.955+0000] {logging_mixin.py:190} INFO - [2024-10-06T04:49:46.955+0000] {dag.py:4180} INFO - Setting next_dagrun for hello_world_valdo to 2024-10-06 00:00:00+00:00, run_after=2024-10-07 00:00:00+00:00
[2024-10-06T04:49:46.977+0000] {processor.py:208} INFO - Processing /opt/airflow/dags/hello_world.py took 0.067 seconds
[2024-10-06T04:50:17.095+0000] {processor.py:186} INFO - Started process (PID=4788) to work on /opt/airflow/dags/hello_world.py
[2024-10-06T04:50:17.095+0000] {processor.py:914} INFO - Processing file /opt/airflow/dags/hello_world.py for tasks to queue
[2024-10-06T04:50:17.097+0000] {logging_mixin.py:190} INFO - [2024-10-06T04:50:17.097+0000] {dagbag.py:588} INFO - Filling up the DagBag from /opt/airflow/dags/hello_world.py
[2024-10-06T04:50:17.104+0000] {processor.py:925} INFO - DAG(s) 'hello_world_valdo' retrieved from /opt/airflow/dags/hello_world.py
[2024-10-06T04:50:17.117+0000] {logging_mixin.py:190} INFO - [2024-10-06T04:50:17.117+0000] {dag.py:3239} INFO - Sync 1 DAGs
[2024-10-06T04:50:17.136+0000] {logging_mixin.py:190} INFO - [2024-10-06T04:50:17.136+0000] {dag.py:4180} INFO - Setting next_dagrun for hello_world_valdo to 2024-10-06 00:00:00+00:00, run_after=2024-10-07 00:00:00+00:00
[2024-10-06T04:50:17.154+0000] {processor.py:208} INFO - Processing /opt/airflow/dags/hello_world.py took 0.064 seconds
[2024-10-06T04:50:47.646+0000] {processor.py:186} INFO - Started process (PID=4851) to work on /opt/airflow/dags/hello_world.py
[2024-10-06T04:50:47.647+0000] {processor.py:914} INFO - Processing file /opt/airflow/dags/hello_world.py for tasks to queue
[2024-10-06T04:50:47.649+0000] {logging_mixin.py:190} INFO - [2024-10-06T04:50:47.649+0000] {dagbag.py:588} INFO - Filling up the DagBag from /opt/airflow/dags/hello_world.py
[2024-10-06T04:50:47.658+0000] {processor.py:925} INFO - DAG(s) 'hello_world_valdo' retrieved from /opt/airflow/dags/hello_world.py
[2024-10-06T04:50:47.677+0000] {logging_mixin.py:190} INFO - [2024-10-06T04:50:47.677+0000] {dag.py:3239} INFO - Sync 1 DAGs
[2024-10-06T04:50:47.699+0000] {logging_mixin.py:190} INFO - [2024-10-06T04:50:47.698+0000] {dag.py:4180} INFO - Setting next_dagrun for hello_world_valdo to 2024-10-06 00:00:00+00:00, run_after=2024-10-07 00:00:00+00:00
[2024-10-06T04:50:47.718+0000] {processor.py:208} INFO - Processing /opt/airflow/dags/hello_world.py took 0.078 seconds
[2024-10-06T04:51:17.908+0000] {processor.py:186} INFO - Started process (PID=4914) to work on /opt/airflow/dags/hello_world.py
[2024-10-06T04:51:17.909+0000] {processor.py:914} INFO - Processing file /opt/airflow/dags/hello_world.py for tasks to queue
[2024-10-06T04:51:17.910+0000] {logging_mixin.py:190} INFO - [2024-10-06T04:51:17.910+0000] {dagbag.py:588} INFO - Filling up the DagBag from /opt/airflow/dags/hello_world.py
[2024-10-06T04:51:17.917+0000] {processor.py:925} INFO - DAG(s) 'hello_world_valdo' retrieved from /opt/airflow/dags/hello_world.py
[2024-10-06T04:51:17.930+0000] {logging_mixin.py:190} INFO - [2024-10-06T04:51:17.930+0000] {dag.py:3239} INFO - Sync 1 DAGs
[2024-10-06T04:51:17.948+0000] {logging_mixin.py:190} INFO - [2024-10-06T04:51:17.948+0000] {dag.py:4180} INFO - Setting next_dagrun for hello_world_valdo to 2024-10-06 00:00:00+00:00, run_after=2024-10-07 00:00:00+00:00
[2024-10-06T04:51:17.969+0000] {processor.py:208} INFO - Processing /opt/airflow/dags/hello_world.py took 0.065 seconds
[2024-10-06T04:51:48.272+0000] {processor.py:186} INFO - Started process (PID=4978) to work on /opt/airflow/dags/hello_world.py
[2024-10-06T04:51:48.273+0000] {processor.py:914} INFO - Processing file /opt/airflow/dags/hello_world.py for tasks to queue
[2024-10-06T04:51:48.274+0000] {logging_mixin.py:190} INFO - [2024-10-06T04:51:48.274+0000] {dagbag.py:588} INFO - Filling up the DagBag from /opt/airflow/dags/hello_world.py
[2024-10-06T04:51:48.281+0000] {processor.py:925} INFO - DAG(s) 'hello_world_valdo' retrieved from /opt/airflow/dags/hello_world.py
[2024-10-06T04:51:48.293+0000] {logging_mixin.py:190} INFO - [2024-10-06T04:51:48.293+0000] {dag.py:3239} INFO - Sync 1 DAGs
[2024-10-06T04:51:48.311+0000] {logging_mixin.py:190} INFO - [2024-10-06T04:51:48.311+0000] {dag.py:4180} INFO - Setting next_dagrun for hello_world_valdo to 2024-10-06 00:00:00+00:00, run_after=2024-10-07 00:00:00+00:00
[2024-10-06T04:51:48.330+0000] {processor.py:208} INFO - Processing /opt/airflow/dags/hello_world.py took 0.062 seconds
[2024-10-06T04:52:18.488+0000] {processor.py:186} INFO - Started process (PID=5041) to work on /opt/airflow/dags/hello_world.py
[2024-10-06T04:52:18.489+0000] {processor.py:914} INFO - Processing file /opt/airflow/dags/hello_world.py for tasks to queue
[2024-10-06T04:52:18.490+0000] {logging_mixin.py:190} INFO - [2024-10-06T04:52:18.490+0000] {dagbag.py:588} INFO - Filling up the DagBag from /opt/airflow/dags/hello_world.py
[2024-10-06T04:52:18.496+0000] {processor.py:925} INFO - DAG(s) 'hello_world_valdo' retrieved from /opt/airflow/dags/hello_world.py
[2024-10-06T04:52:18.510+0000] {logging_mixin.py:190} INFO - [2024-10-06T04:52:18.510+0000] {dag.py:3239} INFO - Sync 1 DAGs
[2024-10-06T04:52:18.528+0000] {logging_mixin.py:190} INFO - [2024-10-06T04:52:18.528+0000] {dag.py:4180} INFO - Setting next_dagrun for hello_world_valdo to 2024-10-06 00:00:00+00:00, run_after=2024-10-07 00:00:00+00:00
[2024-10-06T04:52:18.547+0000] {processor.py:208} INFO - Processing /opt/airflow/dags/hello_world.py took 0.064 seconds
[2024-10-06T04:52:48.843+0000] {processor.py:186} INFO - Started process (PID=5104) to work on /opt/airflow/dags/hello_world.py
[2024-10-06T04:52:48.844+0000] {processor.py:914} INFO - Processing file /opt/airflow/dags/hello_world.py for tasks to queue
[2024-10-06T04:52:48.845+0000] {logging_mixin.py:190} INFO - [2024-10-06T04:52:48.845+0000] {dagbag.py:588} INFO - Filling up the DagBag from /opt/airflow/dags/hello_world.py
[2024-10-06T04:52:48.852+0000] {processor.py:925} INFO - DAG(s) 'hello_world_valdo' retrieved from /opt/airflow/dags/hello_world.py
[2024-10-06T04:52:48.864+0000] {logging_mixin.py:190} INFO - [2024-10-06T04:52:48.864+0000] {dag.py:3239} INFO - Sync 1 DAGs
[2024-10-06T04:52:48.882+0000] {logging_mixin.py:190} INFO - [2024-10-06T04:52:48.882+0000] {dag.py:4180} INFO - Setting next_dagrun for hello_world_valdo to 2024-10-06 00:00:00+00:00, run_after=2024-10-07 00:00:00+00:00
[2024-10-06T04:52:48.901+0000] {processor.py:208} INFO - Processing /opt/airflow/dags/hello_world.py took 0.063 seconds
[2024-10-06T04:53:19.405+0000] {processor.py:186} INFO - Started process (PID=5167) to work on /opt/airflow/dags/hello_world.py
[2024-10-06T04:53:19.406+0000] {processor.py:914} INFO - Processing file /opt/airflow/dags/hello_world.py for tasks to queue
[2024-10-06T04:53:19.407+0000] {logging_mixin.py:190} INFO - [2024-10-06T04:53:19.407+0000] {dagbag.py:588} INFO - Filling up the DagBag from /opt/airflow/dags/hello_world.py
[2024-10-06T04:53:19.413+0000] {processor.py:925} INFO - DAG(s) 'hello_world_valdo' retrieved from /opt/airflow/dags/hello_world.py
[2024-10-06T04:53:19.429+0000] {logging_mixin.py:190} INFO - [2024-10-06T04:53:19.429+0000] {dag.py:3239} INFO - Sync 1 DAGs
[2024-10-06T04:53:19.447+0000] {logging_mixin.py:190} INFO - [2024-10-06T04:53:19.447+0000] {dag.py:4180} INFO - Setting next_dagrun for hello_world_valdo to 2024-10-06 00:00:00+00:00, run_after=2024-10-07 00:00:00+00:00
[2024-10-06T04:53:19.467+0000] {processor.py:208} INFO - Processing /opt/airflow/dags/hello_world.py took 0.067 seconds
[2024-10-06T04:53:50.178+0000] {processor.py:186} INFO - Started process (PID=5229) to work on /opt/airflow/dags/hello_world.py
[2024-10-06T04:53:50.179+0000] {processor.py:914} INFO - Processing file /opt/airflow/dags/hello_world.py for tasks to queue
[2024-10-06T04:53:50.180+0000] {logging_mixin.py:190} INFO - [2024-10-06T04:53:50.180+0000] {dagbag.py:588} INFO - Filling up the DagBag from /opt/airflow/dags/hello_world.py
[2024-10-06T04:53:50.187+0000] {processor.py:925} INFO - DAG(s) 'hello_world_valdo' retrieved from /opt/airflow/dags/hello_world.py
[2024-10-06T04:53:50.200+0000] {logging_mixin.py:190} INFO - [2024-10-06T04:53:50.200+0000] {dag.py:3239} INFO - Sync 1 DAGs
[2024-10-06T04:53:50.221+0000] {logging_mixin.py:190} INFO - [2024-10-06T04:53:50.221+0000] {dag.py:4180} INFO - Setting next_dagrun for hello_world_valdo to 2024-10-06 00:00:00+00:00, run_after=2024-10-07 00:00:00+00:00
[2024-10-06T04:53:50.240+0000] {processor.py:208} INFO - Processing /opt/airflow/dags/hello_world.py took 0.066 seconds
[2024-10-06T04:54:20.513+0000] {processor.py:186} INFO - Started process (PID=5292) to work on /opt/airflow/dags/hello_world.py
[2024-10-06T04:54:20.514+0000] {processor.py:914} INFO - Processing file /opt/airflow/dags/hello_world.py for tasks to queue
[2024-10-06T04:54:20.515+0000] {logging_mixin.py:190} INFO - [2024-10-06T04:54:20.515+0000] {dagbag.py:588} INFO - Filling up the DagBag from /opt/airflow/dags/hello_world.py
[2024-10-06T04:54:20.522+0000] {processor.py:925} INFO - DAG(s) 'hello_world_valdo' retrieved from /opt/airflow/dags/hello_world.py
[2024-10-06T04:54:20.535+0000] {logging_mixin.py:190} INFO - [2024-10-06T04:54:20.535+0000] {dag.py:3239} INFO - Sync 1 DAGs
[2024-10-06T04:54:20.552+0000] {logging_mixin.py:190} INFO - [2024-10-06T04:54:20.552+0000] {dag.py:4180} INFO - Setting next_dagrun for hello_world_valdo to 2024-10-06 00:00:00+00:00, run_after=2024-10-07 00:00:00+00:00
[2024-10-06T04:54:20.569+0000] {processor.py:208} INFO - Processing /opt/airflow/dags/hello_world.py took 0.061 seconds
[2024-10-06T04:54:51.007+0000] {processor.py:186} INFO - Started process (PID=5355) to work on /opt/airflow/dags/hello_world.py
[2024-10-06T04:54:51.008+0000] {processor.py:914} INFO - Processing file /opt/airflow/dags/hello_world.py for tasks to queue
[2024-10-06T04:54:51.010+0000] {logging_mixin.py:190} INFO - [2024-10-06T04:54:51.009+0000] {dagbag.py:588} INFO - Filling up the DagBag from /opt/airflow/dags/hello_world.py
[2024-10-06T04:54:51.016+0000] {processor.py:925} INFO - DAG(s) 'hello_world_valdo' retrieved from /opt/airflow/dags/hello_world.py
[2024-10-06T04:54:51.029+0000] {logging_mixin.py:190} INFO - [2024-10-06T04:54:51.028+0000] {dag.py:3239} INFO - Sync 1 DAGs
[2024-10-06T04:54:51.046+0000] {logging_mixin.py:190} INFO - [2024-10-06T04:54:51.046+0000] {dag.py:4180} INFO - Setting next_dagrun for hello_world_valdo to 2024-10-06 00:00:00+00:00, run_after=2024-10-07 00:00:00+00:00
[2024-10-06T04:54:51.064+0000] {processor.py:208} INFO - Processing /opt/airflow/dags/hello_world.py took 0.061 seconds
[2024-10-06T04:55:21.248+0000] {processor.py:186} INFO - Started process (PID=5418) to work on /opt/airflow/dags/hello_world.py
[2024-10-06T04:55:21.249+0000] {processor.py:914} INFO - Processing file /opt/airflow/dags/hello_world.py for tasks to queue
[2024-10-06T04:55:21.250+0000] {logging_mixin.py:190} INFO - [2024-10-06T04:55:21.250+0000] {dagbag.py:588} INFO - Filling up the DagBag from /opt/airflow/dags/hello_world.py
[2024-10-06T04:55:21.257+0000] {processor.py:925} INFO - DAG(s) 'hello_world_valdo' retrieved from /opt/airflow/dags/hello_world.py
[2024-10-06T04:55:21.270+0000] {logging_mixin.py:190} INFO - [2024-10-06T04:55:21.270+0000] {dag.py:3239} INFO - Sync 1 DAGs
[2024-10-06T04:55:21.287+0000] {logging_mixin.py:190} INFO - [2024-10-06T04:55:21.287+0000] {dag.py:4180} INFO - Setting next_dagrun for hello_world_valdo to 2024-10-06 00:00:00+00:00, run_after=2024-10-07 00:00:00+00:00
[2024-10-06T04:55:21.305+0000] {processor.py:208} INFO - Processing /opt/airflow/dags/hello_world.py took 0.061 seconds
[2024-10-06T04:55:51.772+0000] {processor.py:186} INFO - Started process (PID=5482) to work on /opt/airflow/dags/hello_world.py
[2024-10-06T04:55:51.773+0000] {processor.py:914} INFO - Processing file /opt/airflow/dags/hello_world.py for tasks to queue
[2024-10-06T04:55:51.775+0000] {logging_mixin.py:190} INFO - [2024-10-06T04:55:51.774+0000] {dagbag.py:588} INFO - Filling up the DagBag from /opt/airflow/dags/hello_world.py
[2024-10-06T04:55:51.781+0000] {processor.py:925} INFO - DAG(s) 'hello_world_valdo' retrieved from /opt/airflow/dags/hello_world.py
[2024-10-06T04:55:51.796+0000] {logging_mixin.py:190} INFO - [2024-10-06T04:55:51.796+0000] {dag.py:3239} INFO - Sync 1 DAGs
[2024-10-06T04:55:51.815+0000] {logging_mixin.py:190} INFO - [2024-10-06T04:55:51.815+0000] {dag.py:4180} INFO - Setting next_dagrun for hello_world_valdo to 2024-10-06 00:00:00+00:00, run_after=2024-10-07 00:00:00+00:00
[2024-10-06T04:55:51.840+0000] {processor.py:208} INFO - Processing /opt/airflow/dags/hello_world.py took 0.073 seconds
[2024-10-06T04:56:22.041+0000] {processor.py:186} INFO - Started process (PID=5545) to work on /opt/airflow/dags/hello_world.py
[2024-10-06T04:56:22.042+0000] {processor.py:914} INFO - Processing file /opt/airflow/dags/hello_world.py for tasks to queue
[2024-10-06T04:56:22.043+0000] {logging_mixin.py:190} INFO - [2024-10-06T04:56:22.043+0000] {dagbag.py:588} INFO - Filling up the DagBag from /opt/airflow/dags/hello_world.py
[2024-10-06T04:56:22.050+0000] {processor.py:925} INFO - DAG(s) 'hello_world_valdo' retrieved from /opt/airflow/dags/hello_world.py
[2024-10-06T04:56:22.062+0000] {logging_mixin.py:190} INFO - [2024-10-06T04:56:22.062+0000] {dag.py:3239} INFO - Sync 1 DAGs
[2024-10-06T04:56:22.080+0000] {logging_mixin.py:190} INFO - [2024-10-06T04:56:22.080+0000] {dag.py:4180} INFO - Setting next_dagrun for hello_world_valdo to 2024-10-06 00:00:00+00:00, run_after=2024-10-07 00:00:00+00:00
[2024-10-06T04:56:22.097+0000] {processor.py:208} INFO - Processing /opt/airflow/dags/hello_world.py took 0.060 seconds
